fasb v0.1.0
42930d520670354cfb84ded47e54142559c70e8cd6b36d6eb2b1a24433adc78f
' max#f
#?
340
\ #f!0 | $$.@
% performing step started
0.4471 188 cn(41,162)
% performing step elapsed: 4.234469484s
cn(41,162) 
% performing step started
0.3191 128 in(526)
% performing step elapsed: 1.878597617s
cn(41,162) in(526) 
% performing step started
0.3594 82 in(422)
% performing step elapsed: 886.108147ms
cn(41,162) in(526) in(422) 
% performing step started
0.2683 60 in(101)
% performing step elapsed: 409.57928ms
cn(41,162) in(526) in(422) in(101) 
% performing step started
0.1333 52 in(543)
% performing step elapsed: 245.266385ms
cn(41,162) in(526) in(422) in(101) in(543) 
% performing step started
0.0385 50 ~in(391)
% performing step elapsed: 194.520073ms
cn(41,162) in(526) in(422) in(101) in(543) ~in(391) 
% performing step started
0.0400 48 ~in(461)
% performing step elapsed: 182.247801ms
cn(41,162) in(526) in(422) in(101) in(543) ~in(391) ~in(461) 
% performing step started
0.0417 46 ~in(550)
% performing step elapsed: 169.660354ms
cn(41,162) in(526) in(422) in(101) in(543) ~in(391) ~in(461) ~in(550) 
% performing step started
0.0435 44 ~in(361)
% performing step elapsed: 154.982757ms
cn(41,162) in(526) in(422) in(101) in(543) ~in(391) ~in(461) ~in(550) ~in(361) 
% performing step started
0.0455 42 ~in(331)
% performing step elapsed: 144.484376ms
cn(41,162) in(526) in(422) in(101) in(543) ~in(391) ~in(461) ~in(550) ~in(361) ~in(331) 
% performing step started
0.0476 40 ~in(341)
% performing step elapsed: 134.870592ms
cn(41,162) in(526) in(422) in(101) in(543) ~in(391) ~in(461) ~in(550) ~in(361) ~in(331) ~in(341) 
% performing step started
0.0500 38 ~in(371)
% performing step elapsed: 125.036126ms
cn(41,162) in(526) in(422) in(101) in(543) ~in(391) ~in(461) ~in(550) ~in(361) ~in(331) ~in(341) ~in(371) 
% performing step started
0.0526 36 ~in(548)
% performing step elapsed: 115.026539ms
cn(41,162) in(526) in(422) in(101) in(543) ~in(391) ~in(461) ~in(550) ~in(361) ~in(331) ~in(341) ~in(371) ~in(548) 
% performing step started
0.0556 34 ~in(321)
% performing step elapsed: 104.48182ms
cn(41,162) in(526) in(422) in(101) in(543) ~in(391) ~in(461) ~in(550) ~in(361) ~in(331) ~in(341) ~in(371) ~in(548) ~in(321) 
% performing step started
0.0588 32 ~in(552)
% performing step elapsed: 95.52499ms
cn(41,162) in(526) in(422) in(101) in(543) ~in(391) ~in(461) ~in(550) ~in(361) ~in(331) ~in(341) ~in(371) ~in(548) ~in(321) ~in(552) 
% performing step started
0.0625 30 ~in(311)
% performing step elapsed: 85.518855ms
cn(41,162) in(526) in(422) in(101) in(543) ~in(391) ~in(461) ~in(550) ~in(361) ~in(331) ~in(341) ~in(371) ~in(548) ~in(321) ~in(552) ~in(311) 
% performing step started
0.0667 28 ~in(411)
% performing step elapsed: 77.453844ms
cn(41,162) in(526) in(422) in(101) in(543) ~in(391) ~in(461) ~in(550) ~in(361) ~in(331) ~in(341) ~in(371) ~in(548) ~in(321) ~in(552) ~in(311) ~in(411) 
% performing step started
0.0714 26 ~in(271)
% performing step elapsed: 70.570723ms
cn(41,162) in(526) in(422) in(101) in(543) ~in(391) ~in(461) ~in(550) ~in(361) ~in(331) ~in(341) ~in(371) ~in(548) ~in(321) ~in(552) ~in(311) ~in(411) ~in(271) 
% performing step started
0.0769 24 ~in(551)
% performing step elapsed: 62.630491ms
cn(41,162) in(526) in(422) in(101) in(543) ~in(391) ~in(461) ~in(550) ~in(361) ~in(331) ~in(341) ~in(371) ~in(548) ~in(321) ~in(552) ~in(311) ~in(411) ~in(271) ~in(551) 
% performing step started
0.0833 22 ~in(481)
% performing step elapsed: 54.835976ms
cn(41,162) in(526) in(422) in(101) in(543) ~in(391) ~in(461) ~in(550) ~in(361) ~in(331) ~in(341) ~in(371) ~in(548) ~in(321) ~in(552) ~in(311) ~in(411) ~in(271) ~in(551) ~in(481) 
% performing step started
0.0909 20 ~in(431)
% performing step elapsed: 48.916977ms
cn(41,162) in(526) in(422) in(101) in(543) ~in(391) ~in(461) ~in(550) ~in(361) ~in(331) ~in(341) ~in(371) ~in(548) ~in(321) ~in(552) ~in(311) ~in(411) ~in(271) ~in(551) ~in(481) ~in(431) 
% performing step started
0.1000 18 ~in(471)
% performing step elapsed: 42.298147ms
cn(41,162) in(526) in(422) in(101) in(543) ~in(391) ~in(461) ~in(550) ~in(361) ~in(331) ~in(341) ~in(371) ~in(548) ~in(321) ~in(552) ~in(311) ~in(411) ~in(271) ~in(551) ~in(481) ~in(431) ~in(471) 
% performing step started
0.1111 16 ~in(351)
% performing step elapsed: 36.705777ms
cn(41,162) in(526) in(422) in(101) in(543) ~in(391) ~in(461) ~in(550) ~in(361) ~in(331) ~in(341) ~in(371) ~in(548) ~in(321) ~in(552) ~in(311) ~in(411) ~in(271) ~in(551) ~in(481) ~in(431) ~in(471) ~in(351) 
% performing step started
0.1250 14 ~in(549)
% performing step elapsed: 31.43961ms
cn(41,162) in(526) in(422) in(101) in(543) ~in(391) ~in(461) ~in(550) ~in(361) ~in(331) ~in(341) ~in(371) ~in(548) ~in(321) ~in(552) ~in(311) ~in(411) ~in(271) ~in(551) ~in(481) ~in(431) ~in(471) ~in(351) ~in(549) 
% performing step started
0.1429 12 ~in(451)
% performing step elapsed: 25.250743ms
cn(41,162) in(526) in(422) in(101) in(543) ~in(391) ~in(461) ~in(550) ~in(361) ~in(331) ~in(341) ~in(371) ~in(548) ~in(321) ~in(552) ~in(311) ~in(411) ~in(271) ~in(551) ~in(481) ~in(431) ~in(471) ~in(351) ~in(549) ~in(451) 
% performing step started
0.1667 10 ~in(291)
% performing step elapsed: 20.889412ms
cn(41,162) in(526) in(422) in(101) in(543) ~in(391) ~in(461) ~in(550) ~in(361) ~in(331) ~in(341) ~in(371) ~in(548) ~in(321) ~in(552) ~in(311) ~in(411) ~in(271) ~in(551) ~in(481) ~in(431) ~in(471) ~in(351) ~in(549) ~in(451) ~in(291) 
% performing step started
0.2000 8 ~in(381)
% performing step elapsed: 16.714966ms
cn(41,162) in(526) in(422) in(101) in(543) ~in(391) ~in(461) ~in(550) ~in(361) ~in(331) ~in(341) ~in(371) ~in(548) ~in(321) ~in(552) ~in(311) ~in(411) ~in(271) ~in(551) ~in(481) ~in(431) ~in(471) ~in(351) ~in(549) ~in(451) ~in(291) ~in(381) 
% performing step started
0.2500 6 ~in(301)
% performing step elapsed: 12.870618ms
cn(41,162) in(526) in(422) in(101) in(543) ~in(391) ~in(461) ~in(550) ~in(361) ~in(331) ~in(341) ~in(371) ~in(548) ~in(321) ~in(552) ~in(311) ~in(411) ~in(271) ~in(551) ~in(481) ~in(431) ~in(471) ~in(351) ~in(549) ~in(451) ~in(291) ~in(381) ~in(301) 
% performing step started
*1.0000 0 ~in(401)
% performing step elapsed: 3.654166ms
cn(41,162) in(526) in(422) in(101) in(543) ~in(391) ~in(461) ~in(550) ~in(361) ~in(331) ~in(341) ~in(371) ~in(548) ~in(321) ~in(552) ~in(311) ~in(411) ~in(271) ~in(551) ~in(481) ~in(431) ~in(471) ~in(351) ~in(549) ~in(451) ~in(291) ~in(381) ~in(301) ~in(401) ~in(401) 
:q

 Performance counter stats for 'bins/fasb ./instances/jsd_pc-config/pc_config.lp 0 fsb-scripts/h1.fsb':

          9.784,19 msec task-clock:u                     #    1,000 CPUs utilized             
                 0      context-switches:u               #    0,000 /sec                      
                 0      cpu-migrations:u                 #    0,000 /sec                      
             2.930      page-faults:u                    #  299,463 /sec                      
    37.976.848.588      cycles:u                         #    3,881 GHz                       
    91.423.183.031      instructions:u                   #    2,41  insn per cycle            
    17.953.999.805      branches:u                       #    1,835 G/sec                     
        87.563.339      branch-misses:u                  #    0,49% of all branches           

       9,784616804 seconds time elapsed

       0,000000000 seconds user
       0,000000000 seconds sys


