fasb v0.1.0
42930d520670354cfb84ded47e54142559c70e8cd6b36d6eb2b1a24433adc78f
' max#f
#?
6658
\ #f!0 | $$.@
% performing step started
bins/fasb: Terminated

 Performance counter stats for 'bins/fasb ./instances/jsd_pc-config/pc_config-psus=5.lp 0 fsb-scripts/h1.fsb':

        600.087,02 msec task-clock:u                     #    1,000 CPUs utilized             
                 0      context-switches:u               #    0,000 /sec                      
                 0      cpu-migrations:u                 #    0,000 /sec                      
            15.686      page-faults:u                    #   26,140 /sec                      
 2.283.757.086.564      cycles:u                         #    3,806 GHz                       
 4.676.466.304.474      instructions:u                   #    2,05  insn per cycle            
   743.896.562.835      branches:u                       #    1,240 G/sec                     
    15.946.330.506      branch-misses:u                  #    2,14% of all branches           

     600,102461704 seconds time elapsed

     599,596934000 seconds user
       0,103192000 seconds sys


