fasb v0.1.0
42930d520670354cfb84ded47e54142559c70e8cd6b36d6eb2b1a24433adc78f
' max#f
#?
458
\ #f!0 | $$.@
% performing step started
0.6114 178 cn(16,46)
% performing step elapsed: 2.613043502s
cn(16,46) 
% performing step started
0.2247 138 in(28)
% performing step elapsed: 529.339751ms
cn(16,46) in(28) 
% performing step started
0.0580 130 in(112)
% performing step elapsed: 326.415799ms
cn(16,46) in(28) in(112) 
% performing step started
0.0308 126 ~in(48)
% performing step elapsed: 294.894786ms
cn(16,46) in(28) in(112) ~in(48) 
% performing step started
0.0317 122 ~in(43)
% performing step elapsed: 283.888367ms
cn(16,46) in(28) in(112) ~in(48) ~in(43) 
% performing step started
0.0328 118 ~in(13)
% performing step elapsed: 271.455657ms
cn(16,46) in(28) in(112) ~in(48) ~in(43) ~in(13) 
% performing step started
0.0169 116 ~in(100)
% performing step elapsed: 256.01806ms
cn(16,46) in(28) in(112) ~in(48) ~in(43) ~in(13) ~in(100) 
% performing step started
0.0172 114 ~in(83)
% performing step elapsed: 250.972465ms
cn(16,46) in(28) in(112) ~in(48) ~in(43) ~in(13) ~in(100) ~in(83) 
% performing step started
0.0175 112 ~in(84)
% performing step elapsed: 243.525992ms
cn(16,46) in(28) in(112) ~in(48) ~in(43) ~in(13) ~in(100) ~in(83) ~in(84) 
% performing step started
0.0179 110 ~in(62)
% performing step elapsed: 235.470215ms
cn(16,46) in(28) in(112) ~in(48) ~in(43) ~in(13) ~in(100) ~in(83) ~in(84) ~in(62) 
% performing step started
0.0182 108 ~in(105)
% performing step elapsed: 228.515767ms
cn(16,46) in(28) in(112) ~in(48) ~in(43) ~in(13) ~in(100) ~in(83) ~in(84) ~in(62) ~in(105) 
% performing step started
0.0185 106 ~in(93)
% performing step elapsed: 222.332963ms
cn(16,46) in(28) in(112) ~in(48) ~in(43) ~in(13) ~in(100) ~in(83) ~in(84) ~in(62) ~in(105) ~in(93) 
% performing step started
0.0189 104 ~in(56)
% performing step elapsed: 215.308696ms
cn(16,46) in(28) in(112) ~in(48) ~in(43) ~in(13) ~in(100) ~in(83) ~in(84) ~in(62) ~in(105) ~in(93) ~in(56) 
% performing step started
0.0192 102 ~in(89)
% performing step elapsed: 208.127878ms
cn(16,46) in(28) in(112) ~in(48) ~in(43) ~in(13) ~in(100) ~in(83) ~in(84) ~in(62) ~in(105) ~in(93) ~in(56) ~in(89) 
% performing step started
0.0196 100 ~in(119)
% performing step elapsed: 198.247445ms
cn(16,46) in(28) in(112) ~in(48) ~in(43) ~in(13) ~in(100) ~in(83) ~in(84) ~in(62) ~in(105) ~in(93) ~in(56) ~in(89) ~in(119) 
% performing step started
0.0200 98 ~in(102)
% performing step elapsed: 192.798903ms
cn(16,46) in(28) in(112) ~in(48) ~in(43) ~in(13) ~in(100) ~in(83) ~in(84) ~in(62) ~in(105) ~in(93) ~in(56) ~in(89) ~in(119) ~in(102) 
% performing step started
0.0204 96 ~in(69)
% performing step elapsed: 188.292291ms
cn(16,46) in(28) in(112) ~in(48) ~in(43) ~in(13) ~in(100) ~in(83) ~in(84) ~in(62) ~in(105) ~in(93) ~in(56) ~in(89) ~in(119) ~in(102) ~in(69) 
% performing step started
0.0208 94 ~in(59)
% performing step elapsed: 180.785953ms
cn(16,46) in(28) in(112) ~in(48) ~in(43) ~in(13) ~in(100) ~in(83) ~in(84) ~in(62) ~in(105) ~in(93) ~in(56) ~in(89) ~in(119) ~in(102) ~in(69) ~in(59) 
% performing step started
0.0213 92 ~in(90)
% performing step elapsed: 172.862492ms
cn(16,46) in(28) in(112) ~in(48) ~in(43) ~in(13) ~in(100) ~in(83) ~in(84) ~in(62) ~in(105) ~in(93) ~in(56) ~in(89) ~in(119) ~in(102) ~in(69) ~in(59) ~in(90) 
% performing step started
0.0217 90 ~in(103)
% performing step elapsed: 167.996217ms
cn(16,46) in(28) in(112) ~in(48) ~in(43) ~in(13) ~in(100) ~in(83) ~in(84) ~in(62) ~in(105) ~in(93) ~in(56) ~in(89) ~in(119) ~in(102) ~in(69) ~in(59) ~in(90) ~in(103) 
% performing step started
0.0222 88 ~in(71)
% performing step elapsed: 162.18837ms
cn(16,46) in(28) in(112) ~in(48) ~in(43) ~in(13) ~in(100) ~in(83) ~in(84) ~in(62) ~in(105) ~in(93) ~in(56) ~in(89) ~in(119) ~in(102) ~in(69) ~in(59) ~in(90) ~in(103) ~in(71) 
% performing step started
0.0227 86 ~in(101)
% performing step elapsed: 155.387488ms
cn(16,46) in(28) in(112) ~in(48) ~in(43) ~in(13) ~in(100) ~in(83) ~in(84) ~in(62) ~in(105) ~in(93) ~in(56) ~in(89) ~in(119) ~in(102) ~in(69) ~in(59) ~in(90) ~in(103) ~in(71) ~in(101) 
% performing step started
0.0233 84 ~in(96)
% performing step elapsed: 148.58445ms
cn(16,46) in(28) in(112) ~in(48) ~in(43) ~in(13) ~in(100) ~in(83) ~in(84) ~in(62) ~in(105) ~in(93) ~in(56) ~in(89) ~in(119) ~in(102) ~in(69) ~in(59) ~in(90) ~in(103) ~in(71) ~in(101) ~in(96) 
% performing step started
0.0238 82 ~in(67)
% performing step elapsed: 135.547495ms
cn(16,46) in(28) in(112) ~in(48) ~in(43) ~in(13) ~in(100) ~in(83) ~in(84) ~in(62) ~in(105) ~in(93) ~in(56) ~in(89) ~in(119) ~in(102) ~in(69) ~in(59) ~in(90) ~in(103) ~in(71) ~in(101) ~in(96) ~in(67) 
% performing step started
0.0244 80 ~in(70)
% performing step elapsed: 129.897044ms
cn(16,46) in(28) in(112) ~in(48) ~in(43) ~in(13) ~in(100) ~in(83) ~in(84) ~in(62) ~in(105) ~in(93) ~in(56) ~in(89) ~in(119) ~in(102) ~in(69) ~in(59) ~in(90) ~in(103) ~in(71) ~in(101) ~in(96) ~in(67) ~in(70) 
% performing step started
0.0250 78 ~in(104)
% performing step elapsed: 124.377526ms
cn(16,46) in(28) in(112) ~in(48) ~in(43) ~in(13) ~in(100) ~in(83) ~in(84) ~in(62) ~in(105) ~in(93) ~in(56) ~in(89) ~in(119) ~in(102) ~in(69) ~in(59) ~in(90) ~in(103) ~in(71) ~in(101) ~in(96) ~in(67) ~in(70) ~in(104) 
% performing step started
0.0256 76 ~in(99)
% performing step elapsed: 117.99659ms
cn(16,46) in(28) in(112) ~in(48) ~in(43) ~in(13) ~in(100) ~in(83) ~in(84) ~in(62) ~in(105) ~in(93) ~in(56) ~in(89) ~in(119) ~in(102) ~in(69) ~in(59) ~in(90) ~in(103) ~in(71) ~in(101) ~in(96) ~in(67) ~in(70) ~in(104) ~in(99) 
% performing step started
0.0263 74 ~in(85)
% performing step elapsed: 112.225872ms
cn(16,46) in(28) in(112) ~in(48) ~in(43) ~in(13) ~in(100) ~in(83) ~in(84) ~in(62) ~in(105) ~in(93) ~in(56) ~in(89) ~in(119) ~in(102) ~in(69) ~in(59) ~in(90) ~in(103) ~in(71) ~in(101) ~in(96) ~in(67) ~in(70) ~in(104) ~in(99) ~in(85) 
% performing step started
0.0270 72 ~in(95)
% performing step elapsed: 107.285106ms
cn(16,46) in(28) in(112) ~in(48) ~in(43) ~in(13) ~in(100) ~in(83) ~in(84) ~in(62) ~in(105) ~in(93) ~in(56) ~in(89) ~in(119) ~in(102) ~in(69) ~in(59) ~in(90) ~in(103) ~in(71) ~in(101) ~in(96) ~in(67) ~in(70) ~in(104) ~in(99) ~in(85) ~in(95) 
% performing step started
0.0278 70 ~in(81)
% performing step elapsed: 101.894423ms
cn(16,46) in(28) in(112) ~in(48) ~in(43) ~in(13) ~in(100) ~in(83) ~in(84) ~in(62) ~in(105) ~in(93) ~in(56) ~in(89) ~in(119) ~in(102) ~in(69) ~in(59) ~in(90) ~in(103) ~in(71) ~in(101) ~in(96) ~in(67) ~in(70) ~in(104) ~in(99) ~in(85) ~in(95) ~in(81) 
% performing step started
0.0286 68 ~in(87)
% performing step elapsed: 95.743849ms
cn(16,46) in(28) in(112) ~in(48) ~in(43) ~in(13) ~in(100) ~in(83) ~in(84) ~in(62) ~in(105) ~in(93) ~in(56) ~in(89) ~in(119) ~in(102) ~in(69) ~in(59) ~in(90) ~in(103) ~in(71) ~in(101) ~in(96) ~in(67) ~in(70) ~in(104) ~in(99) ~in(85) ~in(95) ~in(81) ~in(87) 
% performing step started
0.0294 66 ~in(97)
% performing step elapsed: 91.796669ms
cn(16,46) in(28) in(112) ~in(48) ~in(43) ~in(13) ~in(100) ~in(83) ~in(84) ~in(62) ~in(105) ~in(93) ~in(56) ~in(89) ~in(119) ~in(102) ~in(69) ~in(59) ~in(90) ~in(103) ~in(71) ~in(101) ~in(96) ~in(67) ~in(70) ~in(104) ~in(99) ~in(85) ~in(95) ~in(81) ~in(87) ~in(97) 
% performing step started
0.0303 64 ~in(107)
% performing step elapsed: 86.881324ms
cn(16,46) in(28) in(112) ~in(48) ~in(43) ~in(13) ~in(100) ~in(83) ~in(84) ~in(62) ~in(105) ~in(93) ~in(56) ~in(89) ~in(119) ~in(102) ~in(69) ~in(59) ~in(90) ~in(103) ~in(71) ~in(101) ~in(96) ~in(67) ~in(70) ~in(104) ~in(99) ~in(85) ~in(95) ~in(81) ~in(87) ~in(97) ~in(107) 
% performing step started
0.0938 58 ~in(106)
% performing step elapsed: 81.268637ms
cn(16,46) in(28) in(112) ~in(48) ~in(43) ~in(13) ~in(100) ~in(83) ~in(84) ~in(62) ~in(105) ~in(93) ~in(56) ~in(89) ~in(119) ~in(102) ~in(69) ~in(59) ~in(90) ~in(103) ~in(71) ~in(101) ~in(96) ~in(67) ~in(70) ~in(104) ~in(99) ~in(85) ~in(95) ~in(81) ~in(87) ~in(97) ~in(107) ~in(106) 
% performing step started
0.0345 56 ~in(78)
% performing step elapsed: 70.530965ms
cn(16,46) in(28) in(112) ~in(48) ~in(43) ~in(13) ~in(100) ~in(83) ~in(84) ~in(62) ~in(105) ~in(93) ~in(56) ~in(89) ~in(119) ~in(102) ~in(69) ~in(59) ~in(90) ~in(103) ~in(71) ~in(101) ~in(96) ~in(67) ~in(70) ~in(104) ~in(99) ~in(85) ~in(95) ~in(81) ~in(87) ~in(97) ~in(107) ~in(106) ~in(78) 
% performing step started
0.0357 54 ~in(68)
% performing step elapsed: 67.701682ms
cn(16,46) in(28) in(112) ~in(48) ~in(43) ~in(13) ~in(100) ~in(83) ~in(84) ~in(62) ~in(105) ~in(93) ~in(56) ~in(89) ~in(119) ~in(102) ~in(69) ~in(59) ~in(90) ~in(103) ~in(71) ~in(101) ~in(96) ~in(67) ~in(70) ~in(104) ~in(99) ~in(85) ~in(95) ~in(81) ~in(87) ~in(97) ~in(107) ~in(106) ~in(78) ~in(68) 
% performing step started
0.0370 52 ~in(79)
% performing step elapsed: 62.717858ms
cn(16,46) in(28) in(112) ~in(48) ~in(43) ~in(13) ~in(100) ~in(83) ~in(84) ~in(62) ~in(105) ~in(93) ~in(56) ~in(89) ~in(119) ~in(102) ~in(69) ~in(59) ~in(90) ~in(103) ~in(71) ~in(101) ~in(96) ~in(67) ~in(70) ~in(104) ~in(99) ~in(85) ~in(95) ~in(81) ~in(87) ~in(97) ~in(107) ~in(106) ~in(78) ~in(68) ~in(79) 
% performing step started
0.0385 50 ~in(92)
% performing step elapsed: 58.783706ms
cn(16,46) in(28) in(112) ~in(48) ~in(43) ~in(13) ~in(100) ~in(83) ~in(84) ~in(62) ~in(105) ~in(93) ~in(56) ~in(89) ~in(119) ~in(102) ~in(69) ~in(59) ~in(90) ~in(103) ~in(71) ~in(101) ~in(96) ~in(67) ~in(70) ~in(104) ~in(99) ~in(85) ~in(95) ~in(81) ~in(87) ~in(97) ~in(107) ~in(106) ~in(78) ~in(68) ~in(79) ~in(92) 
% performing step started
0.0400 48 ~in(65)
% performing step elapsed: 54.751093ms
cn(16,46) in(28) in(112) ~in(48) ~in(43) ~in(13) ~in(100) ~in(83) ~in(84) ~in(62) ~in(105) ~in(93) ~in(56) ~in(89) ~in(119) ~in(102) ~in(69) ~in(59) ~in(90) ~in(103) ~in(71) ~in(101) ~in(96) ~in(67) ~in(70) ~in(104) ~in(99) ~in(85) ~in(95) ~in(81) ~in(87) ~in(97) ~in(107) ~in(106) ~in(78) ~in(68) ~in(79) ~in(92) ~in(65) 
% performing step started
0.0417 46 ~in(60)
% performing step elapsed: 51.198646ms
cn(16,46) in(28) in(112) ~in(48) ~in(43) ~in(13) ~in(100) ~in(83) ~in(84) ~in(62) ~in(105) ~in(93) ~in(56) ~in(89) ~in(119) ~in(102) ~in(69) ~in(59) ~in(90) ~in(103) ~in(71) ~in(101) ~in(96) ~in(67) ~in(70) ~in(104) ~in(99) ~in(85) ~in(95) ~in(81) ~in(87) ~in(97) ~in(107) ~in(106) ~in(78) ~in(68) ~in(79) ~in(92) ~in(65) ~in(60) 
% performing step started
0.0435 44 ~in(73)
% performing step elapsed: 47.520485ms
cn(16,46) in(28) in(112) ~in(48) ~in(43) ~in(13) ~in(100) ~in(83) ~in(84) ~in(62) ~in(105) ~in(93) ~in(56) ~in(89) ~in(119) ~in(102) ~in(69) ~in(59) ~in(90) ~in(103) ~in(71) ~in(101) ~in(96) ~in(67) ~in(70) ~in(104) ~in(99) ~in(85) ~in(95) ~in(81) ~in(87) ~in(97) ~in(107) ~in(106) ~in(78) ~in(68) ~in(79) ~in(92) ~in(65) ~in(60) ~in(73) 
% performing step started
0.0455 42 ~in(74)
% performing step elapsed: 44.166795ms
cn(16,46) in(28) in(112) ~in(48) ~in(43) ~in(13) ~in(100) ~in(83) ~in(84) ~in(62) ~in(105) ~in(93) ~in(56) ~in(89) ~in(119) ~in(102) ~in(69) ~in(59) ~in(90) ~in(103) ~in(71) ~in(101) ~in(96) ~in(67) ~in(70) ~in(104) ~in(99) ~in(85) ~in(95) ~in(81) ~in(87) ~in(97) ~in(107) ~in(106) ~in(78) ~in(68) ~in(79) ~in(92) ~in(65) ~in(60) ~in(73) ~in(74) 
% performing step started
0.0476 40 ~in(72)
% performing step elapsed: 40.665215ms
cn(16,46) in(28) in(112) ~in(48) ~in(43) ~in(13) ~in(100) ~in(83) ~in(84) ~in(62) ~in(105) ~in(93) ~in(56) ~in(89) ~in(119) ~in(102) ~in(69) ~in(59) ~in(90) ~in(103) ~in(71) ~in(101) ~in(96) ~in(67) ~in(70) ~in(104) ~in(99) ~in(85) ~in(95) ~in(81) ~in(87) ~in(97) ~in(107) ~in(106) ~in(78) ~in(68) ~in(79) ~in(92) ~in(65) ~in(60) ~in(73) ~in(74) ~in(72) 
% performing step started
0.0500 38 ~in(55)
% performing step elapsed: 37.596469ms
cn(16,46) in(28) in(112) ~in(48) ~in(43) ~in(13) ~in(100) ~in(83) ~in(84) ~in(62) ~in(105) ~in(93) ~in(56) ~in(89) ~in(119) ~in(102) ~in(69) ~in(59) ~in(90) ~in(103) ~in(71) ~in(101) ~in(96) ~in(67) ~in(70) ~in(104) ~in(99) ~in(85) ~in(95) ~in(81) ~in(87) ~in(97) ~in(107) ~in(106) ~in(78) ~in(68) ~in(79) ~in(92) ~in(65) ~in(60) ~in(73) ~in(74) ~in(72) ~in(55) 
% performing step started
0.0526 36 ~in(86)
% performing step elapsed: 34.5406ms
cn(16,46) in(28) in(112) ~in(48) ~in(43) ~in(13) ~in(100) ~in(83) ~in(84) ~in(62) ~in(105) ~in(93) ~in(56) ~in(89) ~in(119) ~in(102) ~in(69) ~in(59) ~in(90) ~in(103) ~in(71) ~in(101) ~in(96) ~in(67) ~in(70) ~in(104) ~in(99) ~in(85) ~in(95) ~in(81) ~in(87) ~in(97) ~in(107) ~in(106) ~in(78) ~in(68) ~in(79) ~in(92) ~in(65) ~in(60) ~in(73) ~in(74) ~in(72) ~in(55) ~in(86) 
% performing step started
0.0556 34 ~in(64)
% performing step elapsed: 32.103008ms
cn(16,46) in(28) in(112) ~in(48) ~in(43) ~in(13) ~in(100) ~in(83) ~in(84) ~in(62) ~in(105) ~in(93) ~in(56) ~in(89) ~in(119) ~in(102) ~in(69) ~in(59) ~in(90) ~in(103) ~in(71) ~in(101) ~in(96) ~in(67) ~in(70) ~in(104) ~in(99) ~in(85) ~in(95) ~in(81) ~in(87) ~in(97) ~in(107) ~in(106) ~in(78) ~in(68) ~in(79) ~in(92) ~in(65) ~in(60) ~in(73) ~in(74) ~in(72) ~in(55) ~in(86) ~in(64) 
% performing step started
0.0588 32 ~in(80)
% performing step elapsed: 29.225841ms
cn(16,46) in(28) in(112) ~in(48) ~in(43) ~in(13) ~in(100) ~in(83) ~in(84) ~in(62) ~in(105) ~in(93) ~in(56) ~in(89) ~in(119) ~in(102) ~in(69) ~in(59) ~in(90) ~in(103) ~in(71) ~in(101) ~in(96) ~in(67) ~in(70) ~in(104) ~in(99) ~in(85) ~in(95) ~in(81) ~in(87) ~in(97) ~in(107) ~in(106) ~in(78) ~in(68) ~in(79) ~in(92) ~in(65) ~in(60) ~in(73) ~in(74) ~in(72) ~in(55) ~in(86) ~in(64) ~in(80) 
% performing step started
0.0625 30 ~in(61)
% performing step elapsed: 26.401252ms
cn(16,46) in(28) in(112) ~in(48) ~in(43) ~in(13) ~in(100) ~in(83) ~in(84) ~in(62) ~in(105) ~in(93) ~in(56) ~in(89) ~in(119) ~in(102) ~in(69) ~in(59) ~in(90) ~in(103) ~in(71) ~in(101) ~in(96) ~in(67) ~in(70) ~in(104) ~in(99) ~in(85) ~in(95) ~in(81) ~in(87) ~in(97) ~in(107) ~in(106) ~in(78) ~in(68) ~in(79) ~in(92) ~in(65) ~in(60) ~in(73) ~in(74) ~in(72) ~in(55) ~in(86) ~in(64) ~in(80) ~in(61) 
% performing step started
0.0667 28 ~in(63)
% performing step elapsed: 23.938334ms
cn(16,46) in(28) in(112) ~in(48) ~in(43) ~in(13) ~in(100) ~in(83) ~in(84) ~in(62) ~in(105) ~in(93) ~in(56) ~in(89) ~in(119) ~in(102) ~in(69) ~in(59) ~in(90) ~in(103) ~in(71) ~in(101) ~in(96) ~in(67) ~in(70) ~in(104) ~in(99) ~in(85) ~in(95) ~in(81) ~in(87) ~in(97) ~in(107) ~in(106) ~in(78) ~in(68) ~in(79) ~in(92) ~in(65) ~in(60) ~in(73) ~in(74) ~in(72) ~in(55) ~in(86) ~in(64) ~in(80) ~in(61) ~in(63) 
% performing step started
0.0714 26 ~in(94)
% performing step elapsed: 21.469692ms
cn(16,46) in(28) in(112) ~in(48) ~in(43) ~in(13) ~in(100) ~in(83) ~in(84) ~in(62) ~in(105) ~in(93) ~in(56) ~in(89) ~in(119) ~in(102) ~in(69) ~in(59) ~in(90) ~in(103) ~in(71) ~in(101) ~in(96) ~in(67) ~in(70) ~in(104) ~in(99) ~in(85) ~in(95) ~in(81) ~in(87) ~in(97) ~in(107) ~in(106) ~in(78) ~in(68) ~in(79) ~in(92) ~in(65) ~in(60) ~in(73) ~in(74) ~in(72) ~in(55) ~in(86) ~in(64) ~in(80) ~in(61) ~in(63) ~in(94) 
% performing step started
0.0769 24 ~in(75)
% performing step elapsed: 19.291248ms
cn(16,46) in(28) in(112) ~in(48) ~in(43) ~in(13) ~in(100) ~in(83) ~in(84) ~in(62) ~in(105) ~in(93) ~in(56) ~in(89) ~in(119) ~in(102) ~in(69) ~in(59) ~in(90) ~in(103) ~in(71) ~in(101) ~in(96) ~in(67) ~in(70) ~in(104) ~in(99) ~in(85) ~in(95) ~in(81) ~in(87) ~in(97) ~in(107) ~in(106) ~in(78) ~in(68) ~in(79) ~in(92) ~in(65) ~in(60) ~in(73) ~in(74) ~in(72) ~in(55) ~in(86) ~in(64) ~in(80) ~in(61) ~in(63) ~in(94) ~in(75) 
% performing step started
0.0833 22 ~in(117)
% performing step elapsed: 17.246335ms
cn(16,46) in(28) in(112) ~in(48) ~in(43) ~in(13) ~in(100) ~in(83) ~in(84) ~in(62) ~in(105) ~in(93) ~in(56) ~in(89) ~in(119) ~in(102) ~in(69) ~in(59) ~in(90) ~in(103) ~in(71) ~in(101) ~in(96) ~in(67) ~in(70) ~in(104) ~in(99) ~in(85) ~in(95) ~in(81) ~in(87) ~in(97) ~in(107) ~in(106) ~in(78) ~in(68) ~in(79) ~in(92) ~in(65) ~in(60) ~in(73) ~in(74) ~in(72) ~in(55) ~in(86) ~in(64) ~in(80) ~in(61) ~in(63) ~in(94) ~in(75) ~in(117) 
% performing step started
0.0909 20 ~in(116)
% performing step elapsed: 15.844226ms
cn(16,46) in(28) in(112) ~in(48) ~in(43) ~in(13) ~in(100) ~in(83) ~in(84) ~in(62) ~in(105) ~in(93) ~in(56) ~in(89) ~in(119) ~in(102) ~in(69) ~in(59) ~in(90) ~in(103) ~in(71) ~in(101) ~in(96) ~in(67) ~in(70) ~in(104) ~in(99) ~in(85) ~in(95) ~in(81) ~in(87) ~in(97) ~in(107) ~in(106) ~in(78) ~in(68) ~in(79) ~in(92) ~in(65) ~in(60) ~in(73) ~in(74) ~in(72) ~in(55) ~in(86) ~in(64) ~in(80) ~in(61) ~in(63) ~in(94) ~in(75) ~in(117) ~in(116) 
% performing step started
0.1000 18 ~in(66)
% performing step elapsed: 13.44642ms
cn(16,46) in(28) in(112) ~in(48) ~in(43) ~in(13) ~in(100) ~in(83) ~in(84) ~in(62) ~in(105) ~in(93) ~in(56) ~in(89) ~in(119) ~in(102) ~in(69) ~in(59) ~in(90) ~in(103) ~in(71) ~in(101) ~in(96) ~in(67) ~in(70) ~in(104) ~in(99) ~in(85) ~in(95) ~in(81) ~in(87) ~in(97) ~in(107) ~in(106) ~in(78) ~in(68) ~in(79) ~in(92) ~in(65) ~in(60) ~in(73) ~in(74) ~in(72) ~in(55) ~in(86) ~in(64) ~in(80) ~in(61) ~in(63) ~in(94) ~in(75) ~in(117) ~in(116) ~in(66) 
% performing step started
0.1111 16 ~in(98)
% performing step elapsed: 11.626578ms
cn(16,46) in(28) in(112) ~in(48) ~in(43) ~in(13) ~in(100) ~in(83) ~in(84) ~in(62) ~in(105) ~in(93) ~in(56) ~in(89) ~in(119) ~in(102) ~in(69) ~in(59) ~in(90) ~in(103) ~in(71) ~in(101) ~in(96) ~in(67) ~in(70) ~in(104) ~in(99) ~in(85) ~in(95) ~in(81) ~in(87) ~in(97) ~in(107) ~in(106) ~in(78) ~in(68) ~in(79) ~in(92) ~in(65) ~in(60) ~in(73) ~in(74) ~in(72) ~in(55) ~in(86) ~in(64) ~in(80) ~in(61) ~in(63) ~in(94) ~in(75) ~in(117) ~in(116) ~in(66) ~in(98) 
% performing step started
0.1250 14 ~in(58)
% performing step elapsed: 9.921568ms
cn(16,46) in(28) in(112) ~in(48) ~in(43) ~in(13) ~in(100) ~in(83) ~in(84) ~in(62) ~in(105) ~in(93) ~in(56) ~in(89) ~in(119) ~in(102) ~in(69) ~in(59) ~in(90) ~in(103) ~in(71) ~in(101) ~in(96) ~in(67) ~in(70) ~in(104) ~in(99) ~in(85) ~in(95) ~in(81) ~in(87) ~in(97) ~in(107) ~in(106) ~in(78) ~in(68) ~in(79) ~in(92) ~in(65) ~in(60) ~in(73) ~in(74) ~in(72) ~in(55) ~in(86) ~in(64) ~in(80) ~in(61) ~in(63) ~in(94) ~in(75) ~in(117) ~in(116) ~in(66) ~in(98) ~in(58) 
% performing step started
0.1429 12 ~in(118)
% performing step elapsed: 8.298983ms
cn(16,46) in(28) in(112) ~in(48) ~in(43) ~in(13) ~in(100) ~in(83) ~in(84) ~in(62) ~in(105) ~in(93) ~in(56) ~in(89) ~in(119) ~in(102) ~in(69) ~in(59) ~in(90) ~in(103) ~in(71) ~in(101) ~in(96) ~in(67) ~in(70) ~in(104) ~in(99) ~in(85) ~in(95) ~in(81) ~in(87) ~in(97) ~in(107) ~in(106) ~in(78) ~in(68) ~in(79) ~in(92) ~in(65) ~in(60) ~in(73) ~in(74) ~in(72) ~in(55) ~in(86) ~in(64) ~in(80) ~in(61) ~in(63) ~in(94) ~in(75) ~in(117) ~in(116) ~in(66) ~in(98) ~in(58) ~in(118) 
% performing step started
0.1667 10 ~in(88)
% performing step elapsed: 6.640418ms
cn(16,46) in(28) in(112) ~in(48) ~in(43) ~in(13) ~in(100) ~in(83) ~in(84) ~in(62) ~in(105) ~in(93) ~in(56) ~in(89) ~in(119) ~in(102) ~in(69) ~in(59) ~in(90) ~in(103) ~in(71) ~in(101) ~in(96) ~in(67) ~in(70) ~in(104) ~in(99) ~in(85) ~in(95) ~in(81) ~in(87) ~in(97) ~in(107) ~in(106) ~in(78) ~in(68) ~in(79) ~in(92) ~in(65) ~in(60) ~in(73) ~in(74) ~in(72) ~in(55) ~in(86) ~in(64) ~in(80) ~in(61) ~in(63) ~in(94) ~in(75) ~in(117) ~in(116) ~in(66) ~in(98) ~in(58) ~in(118) ~in(88) 
% performing step started
0.2000 8 ~in(57)
% performing step elapsed: 5.339341ms
cn(16,46) in(28) in(112) ~in(48) ~in(43) ~in(13) ~in(100) ~in(83) ~in(84) ~in(62) ~in(105) ~in(93) ~in(56) ~in(89) ~in(119) ~in(102) ~in(69) ~in(59) ~in(90) ~in(103) ~in(71) ~in(101) ~in(96) ~in(67) ~in(70) ~in(104) ~in(99) ~in(85) ~in(95) ~in(81) ~in(87) ~in(97) ~in(107) ~in(106) ~in(78) ~in(68) ~in(79) ~in(92) ~in(65) ~in(60) ~in(73) ~in(74) ~in(72) ~in(55) ~in(86) ~in(64) ~in(80) ~in(61) ~in(63) ~in(94) ~in(75) ~in(117) ~in(116) ~in(66) ~in(98) ~in(58) ~in(118) ~in(88) ~in(57) 
% performing step started
*1.0000 0 ~in(82)
% performing step elapsed: 1.230189ms
cn(16,46) in(28) in(112) ~in(48) ~in(43) ~in(13) ~in(100) ~in(83) ~in(84) ~in(62) ~in(105) ~in(93) ~in(56) ~in(89) ~in(119) ~in(102) ~in(69) ~in(59) ~in(90) ~in(103) ~in(71) ~in(101) ~in(96) ~in(67) ~in(70) ~in(104) ~in(99) ~in(85) ~in(95) ~in(81) ~in(87) ~in(97) ~in(107) ~in(106) ~in(78) ~in(68) ~in(79) ~in(92) ~in(65) ~in(60) ~in(73) ~in(74) ~in(72) ~in(55) ~in(86) ~in(64) ~in(80) ~in(61) ~in(63) ~in(94) ~in(75) ~in(117) ~in(116) ~in(66) ~in(98) ~in(58) ~in(118) ~in(88) ~in(57) ~in(82) ~in(82) 
:q

 Performance counter stats for 'bins/fasb ./instances/jsd_pc-config/pc_config-all=2.lp 0 fsb-scripts/h1.fsb':

          9.765,25 msec task-clock:u                     #    1,000 CPUs utilized             
                 0      context-switches:u               #    0,000 /sec                      
                 0      cpu-migrations:u                 #    0,000 /sec                      
               853      page-faults:u                    #   87,351 /sec                      
    38.775.870.168      cycles:u                         #    3,971 GHz                       
    80.248.561.389      instructions:u                   #    2,07  insn per cycle            
    16.537.492.096      branches:u                       #    1,694 G/sec                     
       171.270.891      branch-misses:u                  #    1,04% of all branches           

       9,765604801 seconds time elapsed

       0,000000000 seconds user
       0,000000000 seconds sys


