fasb v0.1.0
42930d520670354cfb84ded47e54142559c70e8cd6b36d6eb2b1a24433adc78f
' max#f
#?
6662
\ #f!0 | $$.@
% performing step started
bins/fasb: Terminated

 Performance counter stats for 'bins/fasb ./instances/jsd_pc-config/pc_config-ssd=1.lp 0 fsb-scripts/h1.fsb':

        600.089,13 msec task-clock:u                     #    1,000 CPUs utilized             
                 0      context-switches:u               #    0,000 /sec                      
                 0      cpu-migrations:u                 #    0,000 /sec                      
            15.761      page-faults:u                    #   26,264 /sec                      
 2.280.227.166.014      cycles:u                         #    3,800 GHz                       
 4.699.834.948.386      instructions:u                   #    2,06  insn per cycle            
   747.435.926.473      branches:u                       #    1,246 G/sec                     
    16.106.985.344      branch-misses:u                  #    2,15% of all branches           

     600,102466414 seconds time elapsed

     599,573501000 seconds user
       0,126534000 seconds sys


