fasb v0.1.0
42930d520670354cfb84ded47e54142559c70e8cd6b36d6eb2b1a24433adc78f
' max#f
#?
5526
\ #f!0 | $$.@
% performing step started
bins/fasb: Terminated

 Performance counter stats for 'bins/fasb ./instances/jsd_pc-config/pc_config-all=9.lp 0 fsb-scripts/h1.fsb':

        600.083,28 msec task-clock:u                     #    1,000 CPUs utilized             
                 0      context-switches:u               #    0,000 /sec                      
                 0      cpu-migrations:u                 #    0,000 /sec                      
            13.395      page-faults:u                    #   22,322 /sec                      
 2.304.073.101.334      cycles:u                         #    3,840 GHz                       
 4.643.591.650.067      instructions:u                   #    2,02  insn per cycle            
   747.332.624.043      branches:u                       #    1,245 G/sec                     
    16.373.627.990      branch-misses:u                  #    2,19% of all branches           

     600,102159257 seconds time elapsed

     599,619855000 seconds user
       0,083229000 seconds sys


