fasb v0.1.0
42930d520670354cfb84ded47e54142559c70e8cd6b36d6eb2b1a24433adc78f
' max#f
#?
2682
\ #f!0 | $$.@
% performing step started
0.8143 498 cn(44,135)
% performing step elapsed: 338.72035748s
cn(44,135) 
% performing step started
0.2410 378 in(90)
% performing step elapsed: 15.096017402s
cn(44,135) in(90) 
% performing step started
0.0317 366 in(39)
% performing step elapsed: 8.932554159s
cn(44,135) in(90) in(39) 
% performing step started
0.0328 354 in(139)
% performing step elapsed: 7.988476191s
cn(44,135) in(90) in(39) in(139) 
% performing step started
0.0339 342 in(128)
% performing step elapsed: 7.125817645s
cn(44,135) in(90) in(39) in(139) in(128) 
% performing step started
0.0234 334 in(328)
% performing step elapsed: 7.728037096s
cn(44,135) in(90) in(39) in(139) in(128) in(328) 
% performing step started
0.0060 332 ~in(165)
% performing step elapsed: 7.068043818s
cn(44,135) in(90) in(39) in(139) in(128) in(328) ~in(165) 
% performing step started
0.0060 330 ~in(283)
% performing step elapsed: 7.154996473s
cn(44,135) in(90) in(39) in(139) in(128) in(328) ~in(165) ~in(283) 
% performing step started
0.0061 328 ~in(188)
% performing step elapsed: 7.743725694s
cn(44,135) in(90) in(39) in(139) in(128) in(328) ~in(165) ~in(283) ~in(188) 
% performing step started
0.0061 326 ~in(267)
% performing step elapsed: 8.183214487s
cn(44,135) in(90) in(39) in(139) in(128) in(328) ~in(165) ~in(283) ~in(188) ~in(267) 
% performing step started
0.0061 324 ~in(336)
% performing step elapsed: 8.403839798s
cn(44,135) in(90) in(39) in(139) in(128) in(328) ~in(165) ~in(283) ~in(188) ~in(267) ~in(336) 
% performing step started
0.0062 322 ~in(178)
% performing step elapsed: 8.72424663s
cn(44,135) in(90) in(39) in(139) in(128) in(328) ~in(165) ~in(283) ~in(188) ~in(267) ~in(336) ~in(178) 
% performing step started
0.0062 320 ~in(205)
% performing step elapsed: 8.812820417s
cn(44,135) in(90) in(39) in(139) in(128) in(328) ~in(165) ~in(283) ~in(188) ~in(267) ~in(336) ~in(178) ~in(205) 
% performing step started
0.0063 318 ~in(176)
% performing step elapsed: 8.370415157s
cn(44,135) in(90) in(39) in(139) in(128) in(328) ~in(165) ~in(283) ~in(188) ~in(267) ~in(336) ~in(178) ~in(205) ~in(176) 
% performing step started
0.0063 316 ~in(292)
% performing step elapsed: 8.366700421s
cn(44,135) in(90) in(39) in(139) in(128) in(328) ~in(165) ~in(283) ~in(188) ~in(267) ~in(336) ~in(178) ~in(205) ~in(176) ~in(292) 
% performing step started
0.0063 314 ~in(284)
% performing step elapsed: 8.401673912s
cn(44,135) in(90) in(39) in(139) in(128) in(328) ~in(165) ~in(283) ~in(188) ~in(267) ~in(336) ~in(178) ~in(205) ~in(176) ~in(292) ~in(284) 
% performing step started
0.0064 312 ~in(276)
% performing step elapsed: 8.248304714s
cn(44,135) in(90) in(39) in(139) in(128) in(328) ~in(165) ~in(283) ~in(188) ~in(267) ~in(336) ~in(178) ~in(205) ~in(176) ~in(292) ~in(284) ~in(276) 
% performing step started
0.0064 310 ~in(218)
% performing step elapsed: 8.166099725s
cn(44,135) in(90) in(39) in(139) in(128) in(328) ~in(165) ~in(283) ~in(188) ~in(267) ~in(336) ~in(178) ~in(205) ~in(176) ~in(292) ~in(284) ~in(276) ~in(218) 
% performing step started
0.0065 308 ~in(181)
% performing step elapsed: 8.052955869s
cn(44,135) in(90) in(39) in(139) in(128) in(328) ~in(165) ~in(283) ~in(188) ~in(267) ~in(336) ~in(178) ~in(205) ~in(176) ~in(292) ~in(284) ~in(276) ~in(218) ~in(181) 
% performing step started
0.0065 306 ~in(237)
% performing step elapsed: 7.921154434s
cn(44,135) in(90) in(39) in(139) in(128) in(328) ~in(165) ~in(283) ~in(188) ~in(267) ~in(336) ~in(178) ~in(205) ~in(176) ~in(292) ~in(284) ~in(276) ~in(218) ~in(181) ~in(237) 
% performing step started
0.0065 304 ~in(238)
% performing step elapsed: 7.872394718s
cn(44,135) in(90) in(39) in(139) in(128) in(328) ~in(165) ~in(283) ~in(188) ~in(267) ~in(336) ~in(178) ~in(205) ~in(176) ~in(292) ~in(284) ~in(276) ~in(218) ~in(181) ~in(237) ~in(238) 
% performing step started
0.0066 302 ~in(277)
% performing step elapsed: 7.689592785s
cn(44,135) in(90) in(39) in(139) in(128) in(328) ~in(165) ~in(283) ~in(188) ~in(267) ~in(336) ~in(178) ~in(205) ~in(176) ~in(292) ~in(284) ~in(276) ~in(218) ~in(181) ~in(237) ~in(238) ~in(277) 
% performing step started
0.0066 300 ~in(319)
% performing step elapsed: 7.587106801s
cn(44,135) in(90) in(39) in(139) in(128) in(328) ~in(165) ~in(283) ~in(188) ~in(267) ~in(336) ~in(178) ~in(205) ~in(176) ~in(292) ~in(284) ~in(276) ~in(218) ~in(181) ~in(237) ~in(238) ~in(277) ~in(319) 
% performing step started
0.0067 298 ~in(208)
% performing step elapsed: 7.50805918s
cn(44,135) in(90) in(39) in(139) in(128) in(328) ~in(165) ~in(283) ~in(188) ~in(267) ~in(336) ~in(178) ~in(205) ~in(176) ~in(292) ~in(284) ~in(276) ~in(218) ~in(181) ~in(237) ~in(238) ~in(277) ~in(319) ~in(208) 
% performing step started
0.0067 296 ~in(312)
% performing step elapsed: 7.402951433s
cn(44,135) in(90) in(39) in(139) in(128) in(328) ~in(165) ~in(283) ~in(188) ~in(267) ~in(336) ~in(178) ~in(205) ~in(176) ~in(292) ~in(284) ~in(276) ~in(218) ~in(181) ~in(237) ~in(238) ~in(277) ~in(319) ~in(208) ~in(312) 
% performing step started
0.0068 294 ~in(318)
% performing step elapsed: 7.33733959s
cn(44,135) in(90) in(39) in(139) in(128) in(328) ~in(165) ~in(283) ~in(188) ~in(267) ~in(336) ~in(178) ~in(205) ~in(176) ~in(292) ~in(284) ~in(276) ~in(218) ~in(181) ~in(237) ~in(238) ~in(277) ~in(319) ~in(208) ~in(312) ~in(318) 
% performing step started
0.0068 292 ~in(179)
% performing step elapsed: 7.268443384s
cn(44,135) in(90) in(39) in(139) in(128) in(328) ~in(165) ~in(283) ~in(188) ~in(267) ~in(336) ~in(178) ~in(205) ~in(176) ~in(292) ~in(284) ~in(276) ~in(218) ~in(181) ~in(237) ~in(238) ~in(277) ~in(319) ~in(208) ~in(312) ~in(318) ~in(179) 
% performing step started
0.0068 290 ~in(225)
% performing step elapsed: 7.148392046s
cn(44,135) in(90) in(39) in(139) in(128) in(328) ~in(165) ~in(283) ~in(188) ~in(267) ~in(336) ~in(178) ~in(205) ~in(176) ~in(292) ~in(284) ~in(276) ~in(218) ~in(181) ~in(237) ~in(238) ~in(277) ~in(319) ~in(208) ~in(312) ~in(318) ~in(179) ~in(225) 
% performing step started
0.0069 288 ~in(320)
% performing step elapsed: 7.054203351s
cn(44,135) in(90) in(39) in(139) in(128) in(328) ~in(165) ~in(283) ~in(188) ~in(267) ~in(336) ~in(178) ~in(205) ~in(176) ~in(292) ~in(284) ~in(276) ~in(218) ~in(181) ~in(237) ~in(238) ~in(277) ~in(319) ~in(208) ~in(312) ~in(318) ~in(179) ~in(225) ~in(320) 
% performing step started
0.0069 286 ~in(324)
% performing step elapsed: 6.96857502s
cn(44,135) in(90) in(39) in(139) in(128) in(328) ~in(165) ~in(283) ~in(188) ~in(267) ~in(336) ~in(178) ~in(205) ~in(176) ~in(292) ~in(284) ~in(276) ~in(218) ~in(181) ~in(237) ~in(238) ~in(277) ~in(319) ~in(208) ~in(312) ~in(318) ~in(179) ~in(225) ~in(320) ~in(324) 
% performing step started
0.0070 284 ~in(168)
% performing step elapsed: 6.901021621s
cn(44,135) in(90) in(39) in(139) in(128) in(328) ~in(165) ~in(283) ~in(188) ~in(267) ~in(336) ~in(178) ~in(205) ~in(176) ~in(292) ~in(284) ~in(276) ~in(218) ~in(181) ~in(237) ~in(238) ~in(277) ~in(319) ~in(208) ~in(312) ~in(318) ~in(179) ~in(225) ~in(320) ~in(324) ~in(168) 
% performing step started
0.0070 282 ~in(206)
% performing step elapsed: 6.814020654s
cn(44,135) in(90) in(39) in(139) in(128) in(328) ~in(165) ~in(283) ~in(188) ~in(267) ~in(336) ~in(178) ~in(205) ~in(176) ~in(292) ~in(284) ~in(276) ~in(218) ~in(181) ~in(237) ~in(238) ~in(277) ~in(319) ~in(208) ~in(312) ~in(318) ~in(179) ~in(225) ~in(320) ~in(324) ~in(168) ~in(206) 
% performing step started
0.0071 280 ~in(182)
% performing step elapsed: 6.718163908s
cn(44,135) in(90) in(39) in(139) in(128) in(328) ~in(165) ~in(283) ~in(188) ~in(267) ~in(336) ~in(178) ~in(205) ~in(176) ~in(292) ~in(284) ~in(276) ~in(218) ~in(181) ~in(237) ~in(238) ~in(277) ~in(319) ~in(208) ~in(312) ~in(318) ~in(179) ~in(225) ~in(320) ~in(324) ~in(168) ~in(206) ~in(182) 
% performing step started
bins/fasb: Terminated

 Performance counter stats for 'bins/fasb ./instances/jsd_pc-config/pc_config-all=6.lp 0 fsb-scripts/h1.fsb':

        600.082,52 msec task-clock:u                     #    1,000 CPUs utilized             
                 0      context-switches:u               #    0,000 /sec                      
                 0      cpu-migrations:u                 #    0,000 /sec                      
             6.522      page-faults:u                    #   10,869 /sec                      
 2.261.590.447.091      cycles:u                         #    3,769 GHz                       
 4.549.755.761.629      instructions:u                   #    2,01  insn per cycle            
   769.598.596.705      branches:u                       #    1,282 G/sec                     
    11.590.373.868      branch-misses:u                  #    1,51% of all branches           

     600,101303834 seconds time elapsed

     599,050482000 seconds user
       0,559511000 seconds sys


