fasb v0.1.0
42930d520670354cfb84ded47e54142559c70e8cd6b36d6eb2b1a24433adc78f
' max#f
#?
1420
\ #f!0 | $$.@
% performing step started
0.8535 208 cn(71,158)
% performing step elapsed: 96.357733342s
cn(71,158) 
% performing step started
0.2885 148 in(453)
% performing step elapsed: 3.416455964s
cn(71,158) in(453) 
% performing step started
0.3108 102 in(389)
% performing step elapsed: 1.902273688s
cn(71,158) in(453) in(389) 
% performing step started
0.2157 80 in(86)
% performing step elapsed: 1.075650212s
cn(71,158) in(453) in(389) in(86) 
% performing step started
0.2500 60 in(65)
% performing step elapsed: 767.265372ms
cn(71,158) in(453) in(389) in(86) in(65) 
% performing step started
0.1333 52 in(481)
% performing step elapsed: 511.690533ms
cn(71,158) in(453) in(389) in(86) in(65) in(481) 
% performing step started
0.0385 50 ~in(488)
% performing step elapsed: 427.39696ms
cn(71,158) in(453) in(389) in(86) in(65) in(481) ~in(488) 
% performing step started
0.0400 48 ~in(485)
% performing step elapsed: 407.638971ms
cn(71,158) in(453) in(389) in(86) in(65) in(481) ~in(488) ~in(485) 
% performing step started
0.0417 46 ~in(338)
% performing step elapsed: 381.224933ms
cn(71,158) in(453) in(389) in(86) in(65) in(481) ~in(488) ~in(485) ~in(338) 
% performing step started
0.0435 44 ~in(358)
% performing step elapsed: 362.795159ms
cn(71,158) in(453) in(389) in(86) in(65) in(481) ~in(488) ~in(485) ~in(338) ~in(358) 
% performing step started
0.0455 42 ~in(228)
% performing step elapsed: 340.690592ms
cn(71,158) in(453) in(389) in(86) in(65) in(481) ~in(488) ~in(485) ~in(338) ~in(358) ~in(228) 
% performing step started
0.0476 40 ~in(218)
% performing step elapsed: 319.524526ms
cn(71,158) in(453) in(389) in(86) in(65) in(481) ~in(488) ~in(485) ~in(338) ~in(358) ~in(228) ~in(218) 
% performing step started
0.0500 38 ~in(288)
% performing step elapsed: 300.61835ms
cn(71,158) in(453) in(389) in(86) in(65) in(481) ~in(488) ~in(485) ~in(338) ~in(358) ~in(228) ~in(218) ~in(288) 
% performing step started
0.0526 36 ~in(348)
% performing step elapsed: 282.289462ms
cn(71,158) in(453) in(389) in(86) in(65) in(481) ~in(488) ~in(485) ~in(338) ~in(358) ~in(228) ~in(218) ~in(288) ~in(348) 
% performing step started
0.0556 34 ~in(248)
% performing step elapsed: 263.364438ms
cn(71,158) in(453) in(389) in(86) in(65) in(481) ~in(488) ~in(485) ~in(338) ~in(358) ~in(228) ~in(218) ~in(288) ~in(348) ~in(248) 
% performing step started
0.0588 32 ~in(398)
% performing step elapsed: 245.86014ms
cn(71,158) in(453) in(389) in(86) in(65) in(481) ~in(488) ~in(485) ~in(338) ~in(358) ~in(228) ~in(218) ~in(288) ~in(348) ~in(248) ~in(398) 
% performing step started
0.0625 30 ~in(278)
% performing step elapsed: 228.769954ms
cn(71,158) in(453) in(389) in(86) in(65) in(481) ~in(488) ~in(485) ~in(338) ~in(358) ~in(228) ~in(218) ~in(288) ~in(348) ~in(248) ~in(398) ~in(278) 
% performing step started
0.0667 28 ~in(408)
% performing step elapsed: 212.159965ms
cn(71,158) in(453) in(389) in(86) in(65) in(481) ~in(488) ~in(485) ~in(338) ~in(358) ~in(228) ~in(218) ~in(288) ~in(348) ~in(248) ~in(398) ~in(278) ~in(408) 
% performing step started
0.0714 26 ~in(418)
% performing step elapsed: 194.906139ms
cn(71,158) in(453) in(389) in(86) in(65) in(481) ~in(488) ~in(485) ~in(338) ~in(358) ~in(228) ~in(218) ~in(288) ~in(348) ~in(248) ~in(398) ~in(278) ~in(408) ~in(418) 
% performing step started
0.0769 24 ~in(486)
% performing step elapsed: 180.396665ms
cn(71,158) in(453) in(389) in(86) in(65) in(481) ~in(488) ~in(485) ~in(338) ~in(358) ~in(228) ~in(218) ~in(288) ~in(348) ~in(248) ~in(398) ~in(278) ~in(408) ~in(418) ~in(486) 
% performing step started
0.0833 22 ~in(487)
% performing step elapsed: 163.349907ms
cn(71,158) in(453) in(389) in(86) in(65) in(481) ~in(488) ~in(485) ~in(338) ~in(358) ~in(228) ~in(218) ~in(288) ~in(348) ~in(248) ~in(398) ~in(278) ~in(408) ~in(418) ~in(486) ~in(487) 
% performing step started
0.0909 20 ~in(368)
% performing step elapsed: 146.775982ms
cn(71,158) in(453) in(389) in(86) in(65) in(481) ~in(488) ~in(485) ~in(338) ~in(358) ~in(228) ~in(218) ~in(288) ~in(348) ~in(248) ~in(398) ~in(278) ~in(408) ~in(418) ~in(486) ~in(487) ~in(368) 
% performing step started
0.1000 18 ~in(308)
% performing step elapsed: 131.607218ms
cn(71,158) in(453) in(389) in(86) in(65) in(481) ~in(488) ~in(485) ~in(338) ~in(358) ~in(228) ~in(218) ~in(288) ~in(348) ~in(248) ~in(398) ~in(278) ~in(408) ~in(418) ~in(486) ~in(487) ~in(368) ~in(308) 
% performing step started
0.1111 16 ~in(318)
% performing step elapsed: 117.734532ms
cn(71,158) in(453) in(389) in(86) in(65) in(481) ~in(488) ~in(485) ~in(338) ~in(358) ~in(228) ~in(218) ~in(288) ~in(348) ~in(248) ~in(398) ~in(278) ~in(408) ~in(418) ~in(486) ~in(487) ~in(368) ~in(308) ~in(318) 
% performing step started
0.1250 14 ~in(208)
% performing step elapsed: 102.938857ms
cn(71,158) in(453) in(389) in(86) in(65) in(481) ~in(488) ~in(485) ~in(338) ~in(358) ~in(228) ~in(218) ~in(288) ~in(348) ~in(248) ~in(398) ~in(278) ~in(408) ~in(418) ~in(486) ~in(487) ~in(368) ~in(308) ~in(318) ~in(208) 
% performing step started
0.1429 12 ~in(258)
% performing step elapsed: 89.230375ms
cn(71,158) in(453) in(389) in(86) in(65) in(481) ~in(488) ~in(485) ~in(338) ~in(358) ~in(228) ~in(218) ~in(288) ~in(348) ~in(248) ~in(398) ~in(278) ~in(408) ~in(418) ~in(486) ~in(487) ~in(368) ~in(308) ~in(318) ~in(208) ~in(258) 
% performing step started
0.1667 10 ~in(489)
% performing step elapsed: 76.027882ms
cn(71,158) in(453) in(389) in(86) in(65) in(481) ~in(488) ~in(485) ~in(338) ~in(358) ~in(228) ~in(218) ~in(288) ~in(348) ~in(248) ~in(398) ~in(278) ~in(408) ~in(418) ~in(486) ~in(487) ~in(368) ~in(308) ~in(318) ~in(208) ~in(258) ~in(489) 
% performing step started
0.2000 8 ~in(378)
% performing step elapsed: 63.066503ms
cn(71,158) in(453) in(389) in(86) in(65) in(481) ~in(488) ~in(485) ~in(338) ~in(358) ~in(228) ~in(218) ~in(288) ~in(348) ~in(248) ~in(398) ~in(278) ~in(408) ~in(418) ~in(486) ~in(487) ~in(368) ~in(308) ~in(318) ~in(208) ~in(258) ~in(489) ~in(378) 
% performing step started
0.2500 6 ~in(238)
% performing step elapsed: 50.601585ms
cn(71,158) in(453) in(389) in(86) in(65) in(481) ~in(488) ~in(485) ~in(338) ~in(358) ~in(228) ~in(218) ~in(288) ~in(348) ~in(248) ~in(398) ~in(278) ~in(408) ~in(418) ~in(486) ~in(487) ~in(368) ~in(308) ~in(318) ~in(208) ~in(258) ~in(489) ~in(378) ~in(238) 
% performing step started
*1.0000 0 ~in(268)
% performing step elapsed: 15.987678ms
cn(71,158) in(453) in(389) in(86) in(65) in(481) ~in(488) ~in(485) ~in(338) ~in(358) ~in(228) ~in(218) ~in(288) ~in(348) ~in(248) ~in(398) ~in(278) ~in(408) ~in(418) ~in(486) ~in(487) ~in(368) ~in(308) ~in(318) ~in(208) ~in(258) ~in(489) ~in(378) ~in(238) ~in(268) ~in(268) 
:q

 Performance counter stats for 'bins/fasb ./instances/jsd_pc-config/pc_config-cpus=1.lp 0 fsb-scripts/h1.fsb':

        110.653,01 msec task-clock:u                     #    1,000 CPUs utilized             
                 0      context-switches:u               #    0,000 /sec                      
                 0      cpu-migrations:u                 #    0,000 /sec                      
             6.028      page-faults:u                    #   54,477 /sec                      
   413.334.383.175      cycles:u                         #    3,735 GHz                       
   825.154.046.187      instructions:u                   #    2,00  insn per cycle            
   146.141.302.572      branches:u                       #    1,321 G/sec                     
     2.200.167.640      branch-misses:u                  #    1,51% of all branches           

     110,668794784 seconds time elapsed

       0,000000000 seconds user
       0,000000000 seconds sys


