fasb v0.1.0
42930d520670354cfb84ded47e54142559c70e8cd6b36d6eb2b1a24433adc78f
' max#f
#?
1420
\ #f!0 | $$.@
% performing step started
0.8535 208 cn(186,80)
% performing step elapsed: 93.066140857s
cn(186,80) 
% performing step started
0.2885 148 in(501)
% performing step elapsed: 3.307415428s
cn(186,80) in(501) 
% performing step started
0.3108 102 in(447)
% performing step elapsed: 1.869691518s
cn(186,80) in(501) in(447) 
% performing step started
0.2157 80 in(86)
% performing step elapsed: 1.03889349s
cn(186,80) in(501) in(447) in(86) 
% performing step started
0.2500 60 in(68)
% performing step elapsed: 726.877038ms
cn(186,80) in(501) in(447) in(86) in(68) 
% performing step started
0.1333 52 in(509)
% performing step elapsed: 485.187463ms
cn(186,80) in(501) in(447) in(86) in(68) in(509) 
% performing step started
0.0385 50 ~in(296)
% performing step elapsed: 407.851567ms
cn(186,80) in(501) in(447) in(86) in(68) in(509) ~in(296) 
% performing step started
0.0400 48 ~in(366)
% performing step elapsed: 381.350115ms
cn(186,80) in(501) in(447) in(86) in(68) in(509) ~in(296) ~in(366) 
% performing step started
0.0417 46 ~in(406)
% performing step elapsed: 360.002876ms
cn(186,80) in(501) in(447) in(86) in(68) in(509) ~in(296) ~in(366) ~in(406) 
% performing step started
0.0435 44 ~in(516)
% performing step elapsed: 343.468743ms
cn(186,80) in(501) in(447) in(86) in(68) in(509) ~in(296) ~in(366) ~in(406) ~in(516) 
% performing step started
0.0455 42 ~in(396)
% performing step elapsed: 321.346744ms
cn(186,80) in(501) in(447) in(86) in(68) in(509) ~in(296) ~in(366) ~in(406) ~in(516) ~in(396) 
% performing step started
0.0476 40 ~in(416)
% performing step elapsed: 300.652164ms
cn(186,80) in(501) in(447) in(86) in(68) in(509) ~in(296) ~in(366) ~in(406) ~in(516) ~in(396) ~in(416) 
% performing step started
0.0500 38 ~in(336)
% performing step elapsed: 285.982285ms
cn(186,80) in(501) in(447) in(86) in(68) in(509) ~in(296) ~in(366) ~in(406) ~in(516) ~in(396) ~in(416) ~in(336) 
% performing step started
0.0526 36 ~in(266)
% performing step elapsed: 269.248301ms
cn(186,80) in(501) in(447) in(86) in(68) in(509) ~in(296) ~in(366) ~in(406) ~in(516) ~in(396) ~in(416) ~in(336) ~in(266) 
% performing step started
0.0556 34 ~in(514)
% performing step elapsed: 254.804714ms
cn(186,80) in(501) in(447) in(86) in(68) in(509) ~in(296) ~in(366) ~in(406) ~in(516) ~in(396) ~in(416) ~in(336) ~in(266) ~in(514) 
% performing step started
0.0588 32 ~in(256)
% performing step elapsed: 234.586959ms
cn(186,80) in(501) in(447) in(86) in(68) in(509) ~in(296) ~in(366) ~in(406) ~in(516) ~in(396) ~in(416) ~in(336) ~in(266) ~in(514) ~in(256) 
% performing step started
0.0625 30 ~in(276)
% performing step elapsed: 218.115427ms
cn(186,80) in(501) in(447) in(86) in(68) in(509) ~in(296) ~in(366) ~in(406) ~in(516) ~in(396) ~in(416) ~in(336) ~in(266) ~in(514) ~in(256) ~in(276) 
% performing step started
0.0667 28 ~in(386)
% performing step elapsed: 201.250167ms
cn(186,80) in(501) in(447) in(86) in(68) in(509) ~in(296) ~in(366) ~in(406) ~in(516) ~in(396) ~in(416) ~in(336) ~in(266) ~in(514) ~in(256) ~in(276) ~in(386) 
% performing step started
0.0714 26 ~in(306)
% performing step elapsed: 185.327093ms
cn(186,80) in(501) in(447) in(86) in(68) in(509) ~in(296) ~in(366) ~in(406) ~in(516) ~in(396) ~in(416) ~in(336) ~in(266) ~in(514) ~in(256) ~in(276) ~in(386) ~in(306) 
% performing step started
0.0769 24 ~in(376)
% performing step elapsed: 169.669487ms
cn(186,80) in(501) in(447) in(86) in(68) in(509) ~in(296) ~in(366) ~in(406) ~in(516) ~in(396) ~in(416) ~in(336) ~in(266) ~in(514) ~in(256) ~in(276) ~in(386) ~in(306) ~in(376) 
% performing step started
0.0833 22 ~in(316)
% performing step elapsed: 154.33884ms
cn(186,80) in(501) in(447) in(86) in(68) in(509) ~in(296) ~in(366) ~in(406) ~in(516) ~in(396) ~in(416) ~in(336) ~in(266) ~in(514) ~in(256) ~in(276) ~in(386) ~in(306) ~in(376) ~in(316) 
% performing step started
0.0909 20 ~in(517)
% performing step elapsed: 139.479108ms
cn(186,80) in(501) in(447) in(86) in(68) in(509) ~in(296) ~in(366) ~in(406) ~in(516) ~in(396) ~in(416) ~in(336) ~in(266) ~in(514) ~in(256) ~in(276) ~in(386) ~in(306) ~in(376) ~in(316) ~in(517) 
% performing step started
0.1000 18 ~in(346)
% performing step elapsed: 125.342091ms
cn(186,80) in(501) in(447) in(86) in(68) in(509) ~in(296) ~in(366) ~in(406) ~in(516) ~in(396) ~in(416) ~in(336) ~in(266) ~in(514) ~in(256) ~in(276) ~in(386) ~in(306) ~in(376) ~in(316) ~in(517) ~in(346) 
% performing step started
0.1111 16 ~in(236)
% performing step elapsed: 111.742295ms
cn(186,80) in(501) in(447) in(86) in(68) in(509) ~in(296) ~in(366) ~in(406) ~in(516) ~in(396) ~in(416) ~in(336) ~in(266) ~in(514) ~in(256) ~in(276) ~in(386) ~in(306) ~in(376) ~in(316) ~in(517) ~in(346) ~in(236) 
% performing step started
0.1250 14 ~in(515)
% performing step elapsed: 97.58835ms
cn(186,80) in(501) in(447) in(86) in(68) in(509) ~in(296) ~in(366) ~in(406) ~in(516) ~in(396) ~in(416) ~in(336) ~in(266) ~in(514) ~in(256) ~in(276) ~in(386) ~in(306) ~in(376) ~in(316) ~in(517) ~in(346) ~in(236) ~in(515) 
% performing step started
0.1429 12 ~in(286)
% performing step elapsed: 85.023131ms
cn(186,80) in(501) in(447) in(86) in(68) in(509) ~in(296) ~in(366) ~in(406) ~in(516) ~in(396) ~in(416) ~in(336) ~in(266) ~in(514) ~in(256) ~in(276) ~in(386) ~in(306) ~in(376) ~in(316) ~in(517) ~in(346) ~in(236) ~in(515) ~in(286) 
% performing step started
0.1667 10 ~in(513)
% performing step elapsed: 71.858309ms
cn(186,80) in(501) in(447) in(86) in(68) in(509) ~in(296) ~in(366) ~in(406) ~in(516) ~in(396) ~in(416) ~in(336) ~in(266) ~in(514) ~in(256) ~in(276) ~in(386) ~in(306) ~in(376) ~in(316) ~in(517) ~in(346) ~in(236) ~in(515) ~in(286) ~in(513) 
% performing step started
0.2000 8 ~in(356)
% performing step elapsed: 59.641113ms
cn(186,80) in(501) in(447) in(86) in(68) in(509) ~in(296) ~in(366) ~in(406) ~in(516) ~in(396) ~in(416) ~in(336) ~in(266) ~in(514) ~in(256) ~in(276) ~in(386) ~in(306) ~in(376) ~in(316) ~in(517) ~in(346) ~in(236) ~in(515) ~in(286) ~in(513) ~in(356) 
% performing step started
0.2500 6 ~in(326)
% performing step elapsed: 47.974811ms
cn(186,80) in(501) in(447) in(86) in(68) in(509) ~in(296) ~in(366) ~in(406) ~in(516) ~in(396) ~in(416) ~in(336) ~in(266) ~in(514) ~in(256) ~in(276) ~in(386) ~in(306) ~in(376) ~in(316) ~in(517) ~in(346) ~in(236) ~in(515) ~in(286) ~in(513) ~in(356) ~in(326) 
% performing step started
*1.0000 0 ~in(426)
% performing step elapsed: 15.101411ms
cn(186,80) in(501) in(447) in(86) in(68) in(509) ~in(296) ~in(366) ~in(406) ~in(516) ~in(396) ~in(416) ~in(336) ~in(266) ~in(514) ~in(256) ~in(276) ~in(386) ~in(306) ~in(376) ~in(316) ~in(517) ~in(346) ~in(236) ~in(515) ~in(286) ~in(513) ~in(356) ~in(326) ~in(426) ~in(426) 
:q

 Performance counter stats for 'bins/fasb ./instances/jsd_pc-config/pc_config-cpus=5.lp 0 fsb-scripts/h1.fsb':

        106.103,69 msec task-clock:u                     #    1,000 CPUs utilized             
                 0      context-switches:u               #    0,000 /sec                      
                 0      cpu-migrations:u                 #    0,000 /sec                      
             4.600      page-faults:u                    #   43,354 /sec                      
   397.945.969.444      cycles:u                         #    3,751 GHz                       
   796.984.881.566      instructions:u                   #    2,00  insn per cycle            
   142.075.862.315      branches:u                       #    1,339 G/sec                     
     2.103.813.503      branch-misses:u                  #    1,48% of all branches           

     106,117174961 seconds time elapsed

       0,000000000 seconds user
       0,000000000 seconds sys


