fasb v0.1.0
42930d520670354cfb84ded47e54142559c70e8cd6b36d6eb2b1a24433adc78f
' max#f
#?
182
\ #f!0 | $$.@
% performing step started
0.4835 94 cn(21,8)
% performing step elapsed: 354.854544ms
cn(21,8) 
% performing step started
0.2340 72 in(10)
% performing step elapsed: 148.85535ms
cn(21,8) in(10) 
% performing step started
0.1111 64 in(55)
% performing step elapsed: 91.338137ms
cn(21,8) in(10) in(55) 
% performing step started
0.0312 62 ~in(53)
% performing step elapsed: 75.05712ms
cn(21,8) in(10) in(55) ~in(53) 
% performing step started
0.0323 60 ~in(34)
% performing step elapsed: 70.442929ms
cn(21,8) in(10) in(55) ~in(53) ~in(34) 
% performing step started
0.0333 58 ~in(45)
% performing step elapsed: 67.574744ms
cn(21,8) in(10) in(55) ~in(53) ~in(34) ~in(45) 
% performing step started
0.0345 56 ~in(44)
% performing step elapsed: 62.831584ms
cn(21,8) in(10) in(55) ~in(53) ~in(34) ~in(45) ~in(44) 
% performing step started
0.0357 54 ~in(49)
% performing step elapsed: 58.995973ms
cn(21,8) in(10) in(55) ~in(53) ~in(34) ~in(45) ~in(44) ~in(49) 
% performing step started
0.0370 52 ~in(36)
% performing step elapsed: 55.34856ms
cn(21,8) in(10) in(55) ~in(53) ~in(34) ~in(45) ~in(44) ~in(49) ~in(36) 
% performing step started
0.0385 50 ~in(51)
% performing step elapsed: 52.683976ms
cn(21,8) in(10) in(55) ~in(53) ~in(34) ~in(45) ~in(44) ~in(49) ~in(36) ~in(51) 
% performing step started
0.0400 48 ~in(52)
% performing step elapsed: 48.117796ms
cn(21,8) in(10) in(55) ~in(53) ~in(34) ~in(45) ~in(44) ~in(49) ~in(36) ~in(51) ~in(52) 
% performing step started
0.1667 40 ~in(50)
% performing step elapsed: 39.92426ms
cn(21,8) in(10) in(55) ~in(53) ~in(34) ~in(45) ~in(44) ~in(49) ~in(36) ~in(51) ~in(52) ~in(50) 
% performing step started
0.0500 38 ~in(31)
% performing step elapsed: 29.640086ms
cn(21,8) in(10) in(55) ~in(53) ~in(34) ~in(45) ~in(44) ~in(49) ~in(36) ~in(51) ~in(52) ~in(50) ~in(31) 
% performing step started
0.0526 36 ~in(35)
% performing step elapsed: 26.698297ms
cn(21,8) in(10) in(55) ~in(53) ~in(34) ~in(45) ~in(44) ~in(49) ~in(36) ~in(51) ~in(52) ~in(50) ~in(31) ~in(35) 
% performing step started
0.0556 34 ~in(63)
% performing step elapsed: 24.740876ms
cn(21,8) in(10) in(55) ~in(53) ~in(34) ~in(45) ~in(44) ~in(49) ~in(36) ~in(51) ~in(52) ~in(50) ~in(31) ~in(35) ~in(63) 
% performing step started
0.0588 32 ~in(40)
% performing step elapsed: 22.057341ms
cn(21,8) in(10) in(55) ~in(53) ~in(34) ~in(45) ~in(44) ~in(49) ~in(36) ~in(51) ~in(52) ~in(50) ~in(31) ~in(35) ~in(63) ~in(40) 
% performing step started
0.0625 30 ~in(42)
% performing step elapsed: 20.247993ms
cn(21,8) in(10) in(55) ~in(53) ~in(34) ~in(45) ~in(44) ~in(49) ~in(36) ~in(51) ~in(52) ~in(50) ~in(31) ~in(35) ~in(63) ~in(40) ~in(42) 
% performing step started
0.0667 28 ~in(29)
% performing step elapsed: 18.028514ms
cn(21,8) in(10) in(55) ~in(53) ~in(34) ~in(45) ~in(44) ~in(49) ~in(36) ~in(51) ~in(52) ~in(50) ~in(31) ~in(35) ~in(63) ~in(40) ~in(42) ~in(29) 
% performing step started
0.0714 26 ~in(37)
% performing step elapsed: 16.439629ms
cn(21,8) in(10) in(55) ~in(53) ~in(34) ~in(45) ~in(44) ~in(49) ~in(36) ~in(51) ~in(52) ~in(50) ~in(31) ~in(35) ~in(63) ~in(40) ~in(42) ~in(29) ~in(37) 
% performing step started
0.0769 24 ~in(28)
% performing step elapsed: 14.803861ms
cn(21,8) in(10) in(55) ~in(53) ~in(34) ~in(45) ~in(44) ~in(49) ~in(36) ~in(51) ~in(52) ~in(50) ~in(31) ~in(35) ~in(63) ~in(40) ~in(42) ~in(29) ~in(37) ~in(28) 
% performing step started
0.0833 22 ~in(32)
% performing step elapsed: 12.625374ms
cn(21,8) in(10) in(55) ~in(53) ~in(34) ~in(45) ~in(44) ~in(49) ~in(36) ~in(51) ~in(52) ~in(50) ~in(31) ~in(35) ~in(63) ~in(40) ~in(42) ~in(29) ~in(37) ~in(28) ~in(32) 
% performing step started
0.0909 20 ~in(47)
% performing step elapsed: 10.767449ms
cn(21,8) in(10) in(55) ~in(53) ~in(34) ~in(45) ~in(44) ~in(49) ~in(36) ~in(51) ~in(52) ~in(50) ~in(31) ~in(35) ~in(63) ~in(40) ~in(42) ~in(29) ~in(37) ~in(28) ~in(32) ~in(47) 
% performing step started
0.1000 18 ~in(48)
% performing step elapsed: 9.2962ms
cn(21,8) in(10) in(55) ~in(53) ~in(34) ~in(45) ~in(44) ~in(49) ~in(36) ~in(51) ~in(52) ~in(50) ~in(31) ~in(35) ~in(63) ~in(40) ~in(42) ~in(29) ~in(37) ~in(28) ~in(32) ~in(47) ~in(48) 
% performing step started
0.1111 16 ~in(43)
% performing step elapsed: 7.888674ms
cn(21,8) in(10) in(55) ~in(53) ~in(34) ~in(45) ~in(44) ~in(49) ~in(36) ~in(51) ~in(52) ~in(50) ~in(31) ~in(35) ~in(63) ~in(40) ~in(42) ~in(29) ~in(37) ~in(28) ~in(32) ~in(47) ~in(48) ~in(43) 
% performing step started
0.1250 14 ~in(41)
% performing step elapsed: 6.576822ms
cn(21,8) in(10) in(55) ~in(53) ~in(34) ~in(45) ~in(44) ~in(49) ~in(36) ~in(51) ~in(52) ~in(50) ~in(31) ~in(35) ~in(63) ~in(40) ~in(42) ~in(29) ~in(37) ~in(28) ~in(32) ~in(47) ~in(48) ~in(43) ~in(41) 
% performing step started
0.1429 12 ~in(30)
% performing step elapsed: 5.295109ms
cn(21,8) in(10) in(55) ~in(53) ~in(34) ~in(45) ~in(44) ~in(49) ~in(36) ~in(51) ~in(52) ~in(50) ~in(31) ~in(35) ~in(63) ~in(40) ~in(42) ~in(29) ~in(37) ~in(28) ~in(32) ~in(47) ~in(48) ~in(43) ~in(41) ~in(30) 
% performing step started
0.6667 4 ~in(39)
% performing step elapsed: 3.988005ms
cn(21,8) in(10) in(55) ~in(53) ~in(34) ~in(45) ~in(44) ~in(49) ~in(36) ~in(51) ~in(52) ~in(50) ~in(31) ~in(35) ~in(63) ~in(40) ~in(42) ~in(29) ~in(37) ~in(28) ~in(32) ~in(47) ~in(48) ~in(43) ~in(41) ~in(30) ~in(39) 
% performing step started
0.5000 2 ~in(64)
% performing step elapsed: 1.152656ms
cn(21,8) in(10) in(55) ~in(53) ~in(34) ~in(45) ~in(44) ~in(49) ~in(36) ~in(51) ~in(52) ~in(50) ~in(31) ~in(35) ~in(63) ~in(40) ~in(42) ~in(29) ~in(37) ~in(28) ~in(32) ~in(47) ~in(48) ~in(43) ~in(41) ~in(30) ~in(39) ~in(64) 
% performing step started
*1.0000 0 in(62)
% performing step elapsed: 395.578µs
cn(21,8) in(10) in(55) ~in(53) ~in(34) ~in(45) ~in(44) ~in(49) ~in(36) ~in(51) ~in(52) ~in(50) ~in(31) ~in(35) ~in(63) ~in(40) ~in(42) ~in(29) ~in(37) ~in(28) ~in(32) ~in(47) ~in(48) ~in(43) ~in(41) ~in(30) ~in(39) ~in(64) in(62) in(62) 
:q

 Performance counter stats for 'bins/fasb ./instances/jsd_pc-config/pc_config-all=1.lp 0 fsb-scripts/h1.fsb':

          1.371,59 msec task-clock:u                     #    1,000 CPUs utilized             
                 0      context-switches:u               #    0,000 /sec                      
                 0      cpu-migrations:u                 #    0,000 /sec                      
               755      page-faults:u                    #  550,455 /sec                      
     4.932.667.062      cycles:u                         #    3,596 GHz                       
     9.010.788.263      instructions:u                   #    1,83  insn per cycle            
     1.966.442.292      branches:u                       #    1,434 G/sec                     
        29.146.341      branch-misses:u                  #    1,48% of all branches           

       1,372076564 seconds time elapsed

       0,000000000 seconds user
       0,000000000 seconds sys


