fasb v0.1.0
42930d520670354cfb84ded47e54142559c70e8cd6b36d6eb2b1a24433adc78f
' max#f
#?
6668
\ #f!0 | $$.@
% performing step started
bins/fasb: Terminated

 Performance counter stats for 'bins/fasb ./instances/jsd_pc-config/pc_config-hdd=5.lp 0 fsb-scripts/h1.fsb':

        600.085,42 msec task-clock:u                     #    1,000 CPUs utilized             
                 0      context-switches:u               #    0,000 /sec                      
                 0      cpu-migrations:u                 #    0,000 /sec                      
            16.129      page-faults:u                    #   26,878 /sec                      
 2.302.339.417.654      cycles:u                         #    3,837 GHz                       
 4.707.816.160.099      instructions:u                   #    2,04  insn per cycle            
   749.181.330.891      branches:u                       #    1,248 G/sec                     
    16.102.861.861      branch-misses:u                  #    2,15% of all branches           

     600,102308440 seconds time elapsed

     599,598473000 seconds user
       0,086552000 seconds sys


