fasb v0.1.0
42930d520670354cfb84ded47e54142559c70e8cd6b36d6eb2b1a24433adc78f
' max#f
#?
820
\ #f!0 | $$.@
% performing step started
0.7585 198 cn(161,38)
% performing step elapsed: 17.767519412s
cn(161,38) 
% performing step started
0.3030 138 in(466)
% performing step elapsed: 1.537353752s
cn(161,38) in(466) 
% performing step started
0.3333 92 in(392)
% performing step elapsed: 773.530109ms
cn(161,38) in(466) in(392) 
% performing step started
0.2391 70 in(91)
% performing step elapsed: 379.340235ms
cn(161,38) in(466) in(392) in(91) 
% performing step started
0.1429 60 in(32)
% performing step elapsed: 238.53408ms
cn(161,38) in(466) in(392) in(91) in(32) 
% performing step started
0.1333 52 in(503)
% performing step elapsed: 184.319742ms
cn(161,38) in(466) in(392) in(91) in(32) in(503) 
% performing step started
0.0385 50 ~in(361)
% performing step elapsed: 146.400714ms
cn(161,38) in(466) in(392) in(91) in(32) in(503) ~in(361) 
% performing step started
0.0400 48 ~in(441)
% performing step elapsed: 137.878268ms
cn(161,38) in(466) in(392) in(91) in(32) in(503) ~in(361) ~in(441) 
% performing step started
0.0417 46 ~in(331)
% performing step elapsed: 129.324004ms
cn(161,38) in(466) in(392) in(91) in(32) in(503) ~in(361) ~in(441) ~in(331) 
% performing step started
0.0435 44 ~in(341)
% performing step elapsed: 120.932886ms
cn(161,38) in(466) in(392) in(91) in(32) in(503) ~in(361) ~in(441) ~in(331) ~in(341) 
% performing step started
0.0455 42 ~in(431)
% performing step elapsed: 112.892756ms
cn(161,38) in(466) in(392) in(91) in(32) in(503) ~in(361) ~in(441) ~in(331) ~in(341) ~in(431) 
% performing step started
0.0476 40 ~in(321)
% performing step elapsed: 105.184444ms
cn(161,38) in(466) in(392) in(91) in(32) in(503) ~in(361) ~in(441) ~in(331) ~in(341) ~in(431) ~in(321) 
% performing step started
0.0500 38 ~in(509)
% performing step elapsed: 97.95513ms
cn(161,38) in(466) in(392) in(91) in(32) in(503) ~in(361) ~in(441) ~in(331) ~in(341) ~in(431) ~in(321) ~in(509) 
% performing step started
0.0526 36 ~in(241)
% performing step elapsed: 90.846737ms
cn(161,38) in(466) in(392) in(91) in(32) in(503) ~in(361) ~in(441) ~in(331) ~in(341) ~in(431) ~in(321) ~in(509) ~in(241) 
% performing step started
0.0556 34 ~in(301)
% performing step elapsed: 83.751761ms
cn(161,38) in(466) in(392) in(91) in(32) in(503) ~in(361) ~in(441) ~in(331) ~in(341) ~in(431) ~in(321) ~in(509) ~in(241) ~in(301) 
% performing step started
0.0588 32 ~in(351)
% performing step elapsed: 77.09613ms
cn(161,38) in(466) in(392) in(91) in(32) in(503) ~in(361) ~in(441) ~in(331) ~in(341) ~in(431) ~in(321) ~in(509) ~in(241) ~in(301) ~in(351) 
% performing step started
0.0625 30 ~in(261)
% performing step elapsed: 70.675635ms
cn(161,38) in(466) in(392) in(91) in(32) in(503) ~in(361) ~in(441) ~in(331) ~in(341) ~in(431) ~in(321) ~in(509) ~in(241) ~in(301) ~in(351) ~in(261) 
% performing step started
0.0667 28 ~in(401)
% performing step elapsed: 64.304671ms
cn(161,38) in(466) in(392) in(91) in(32) in(503) ~in(361) ~in(441) ~in(331) ~in(341) ~in(431) ~in(321) ~in(509) ~in(241) ~in(301) ~in(351) ~in(261) ~in(401) 
% performing step started
0.0714 26 ~in(311)
% performing step elapsed: 58.482866ms
cn(161,38) in(466) in(392) in(91) in(32) in(503) ~in(361) ~in(441) ~in(331) ~in(341) ~in(431) ~in(321) ~in(509) ~in(241) ~in(301) ~in(351) ~in(261) ~in(401) ~in(311) 
% performing step started
0.0769 24 ~in(411)
% performing step elapsed: 52.822524ms
cn(161,38) in(466) in(392) in(91) in(32) in(503) ~in(361) ~in(441) ~in(331) ~in(341) ~in(431) ~in(321) ~in(509) ~in(241) ~in(301) ~in(351) ~in(261) ~in(401) ~in(311) ~in(411) 
% performing step started
0.0833 22 ~in(231)
% performing step elapsed: 47.352681ms
cn(161,38) in(466) in(392) in(91) in(32) in(503) ~in(361) ~in(441) ~in(331) ~in(341) ~in(431) ~in(321) ~in(509) ~in(241) ~in(301) ~in(351) ~in(261) ~in(401) ~in(311) ~in(411) ~in(231) 
% performing step started
0.0909 20 ~in(251)
% performing step elapsed: 42.272276ms
cn(161,38) in(466) in(392) in(91) in(32) in(503) ~in(361) ~in(441) ~in(331) ~in(341) ~in(431) ~in(321) ~in(509) ~in(241) ~in(301) ~in(351) ~in(261) ~in(401) ~in(311) ~in(411) ~in(231) ~in(251) 
% performing step started
0.1000 18 ~in(271)
% performing step elapsed: 37.151711ms
cn(161,38) in(466) in(392) in(91) in(32) in(503) ~in(361) ~in(441) ~in(331) ~in(341) ~in(431) ~in(321) ~in(509) ~in(241) ~in(301) ~in(351) ~in(261) ~in(401) ~in(311) ~in(411) ~in(231) ~in(251) ~in(271) 
% performing step started
0.1111 16 ~in(512)
% performing step elapsed: 32.517586ms
cn(161,38) in(466) in(392) in(91) in(32) in(503) ~in(361) ~in(441) ~in(331) ~in(341) ~in(431) ~in(321) ~in(509) ~in(241) ~in(301) ~in(351) ~in(261) ~in(401) ~in(311) ~in(411) ~in(231) ~in(251) ~in(271) ~in(512) 
% performing step started
0.1250 14 ~in(508)
% performing step elapsed: 28.002213ms
cn(161,38) in(466) in(392) in(91) in(32) in(503) ~in(361) ~in(441) ~in(331) ~in(341) ~in(431) ~in(321) ~in(509) ~in(241) ~in(301) ~in(351) ~in(261) ~in(401) ~in(311) ~in(411) ~in(231) ~in(251) ~in(271) ~in(512) ~in(508) 
% performing step started
0.1429 12 ~in(510)
% performing step elapsed: 23.787169ms
cn(161,38) in(466) in(392) in(91) in(32) in(503) ~in(361) ~in(441) ~in(331) ~in(341) ~in(431) ~in(321) ~in(509) ~in(241) ~in(301) ~in(351) ~in(261) ~in(401) ~in(311) ~in(411) ~in(231) ~in(251) ~in(271) ~in(512) ~in(508) ~in(510) 
% performing step started
0.1667 10 ~in(291)
% performing step elapsed: 19.876703ms
cn(161,38) in(466) in(392) in(91) in(32) in(503) ~in(361) ~in(441) ~in(331) ~in(341) ~in(431) ~in(321) ~in(509) ~in(241) ~in(301) ~in(351) ~in(261) ~in(401) ~in(311) ~in(411) ~in(231) ~in(251) ~in(271) ~in(512) ~in(508) ~in(510) ~in(291) 
% performing step started
0.2000 8 ~in(281)
% performing step elapsed: 16.026569ms
cn(161,38) in(466) in(392) in(91) in(32) in(503) ~in(361) ~in(441) ~in(331) ~in(341) ~in(431) ~in(321) ~in(509) ~in(241) ~in(301) ~in(351) ~in(261) ~in(401) ~in(311) ~in(411) ~in(231) ~in(251) ~in(271) ~in(512) ~in(508) ~in(510) ~in(291) ~in(281) 
% performing step started
0.7500 2 ~in(421)
% performing step elapsed: 12.059443ms
cn(161,38) in(466) in(392) in(91) in(32) in(503) ~in(361) ~in(441) ~in(331) ~in(341) ~in(431) ~in(321) ~in(509) ~in(241) ~in(301) ~in(351) ~in(261) ~in(401) ~in(311) ~in(411) ~in(231) ~in(251) ~in(271) ~in(512) ~in(508) ~in(510) ~in(291) ~in(281) ~in(421) 
% performing step started
*1.0000 0 in(511)
% performing step elapsed: 2.336352ms
cn(161,38) in(466) in(392) in(91) in(32) in(503) ~in(361) ~in(441) ~in(331) ~in(341) ~in(431) ~in(321) ~in(509) ~in(241) ~in(301) ~in(351) ~in(261) ~in(401) ~in(311) ~in(411) ~in(231) ~in(251) ~in(271) ~in(512) ~in(508) ~in(510) ~in(291) ~in(281) ~in(421) in(511) in(511) 
:q

 Performance counter stats for 'bins/fasb ./instances/jsd_pc-config/pc_config-motherboards=5.lp 0 fsb-scripts/h1.fsb':

         22.682,59 msec task-clock:u                     #    1,000 CPUs utilized             
                 0      context-switches:u               #    0,000 /sec                      
                 0      cpu-migrations:u                 #    0,000 /sec                      
             2.526      page-faults:u                    #  111,363 /sec                      
    89.282.104.409      cycles:u                         #    3,936 GHz                       
   189.965.178.985      instructions:u                   #    2,13  insn per cycle            
    35.651.687.415      branches:u                       #    1,572 G/sec                     
       474.506.173      branch-misses:u                  #    1,33% of all branches           

      22,683167859 seconds time elapsed

       0,000000000 seconds user
       0,000000000 seconds sys


