fasb v0.1.0
42930d520670354cfb84ded47e54142559c70e8cd6b36d6eb2b1a24433adc78f
' max#f
#?
3518
\ #f!0 | $$.@
% performing step started
bins/fasb: Terminated

 Performance counter stats for 'bins/fasb ./instances/jsd_pc-config/pc_config-all=7.lp 0 fsb-scripts/h1.fsb':

        600.086,18 msec task-clock:u                     #    1,000 CPUs utilized             
                 0      context-switches:u               #    0,000 /sec                      
                 0      cpu-migrations:u                 #    0,000 /sec                      
             9.069      page-faults:u                    #   15,113 /sec                      
 2.280.084.783.707      cycles:u                         #    3,800 GHz                       
 4.400.783.634.199      instructions:u                   #    1,93  insn per cycle            
   718.814.565.750      branches:u                       #    1,198 G/sec                     
    15.803.057.675      branch-misses:u                  #    2,20% of all branches           

     600,101592551 seconds time elapsed

     599,544423000 seconds user
       0,143177000 seconds sys


