fasb v0.1.0
42930d520670354cfb84ded47e54142559c70e8cd6b36d6eb2b1a24433adc78f
' max#f
#?
6678
\ #f!0 | $$.@
% performing step started
bins/fasb: Terminated

 Performance counter stats for 'bins/fasb ./instances/jsd_pc-config/pc_config-ssd=5.lp 0 fsb-scripts/h1.fsb':

        600.088,58 msec task-clock:u                     #    1,000 CPUs utilized             
                 0      context-switches:u               #    0,000 /sec                      
                 0      cpu-migrations:u                 #    0,000 /sec                      
            16.183      page-faults:u                    #   26,968 /sec                      
 2.285.934.152.233      cycles:u                         #    3,809 GHz                       
 4.714.516.720.555      instructions:u                   #    2,06  insn per cycle            
   749.376.921.702      branches:u                       #    1,249 G/sec                     
    16.051.402.810      branch-misses:u                  #    2,14% of all branches           

     600,102554796 seconds time elapsed

     599,605257000 seconds user
       0,073261000 seconds sys


