fasb v0.1.0
42930d520670354cfb84ded47e54142559c70e8cd6b36d6eb2b1a24433adc78f
' max#f
#?
6626
\ #f!0 | $$.@
% performing step started
bins/fasb: Terminated

 Performance counter stats for 'bins/fasb ./instances/jsd_pc-config/pc_config-psus=1.lp 0 fsb-scripts/h1.fsb':

        600.088,02 msec task-clock:u                     #    1,000 CPUs utilized             
                 0      context-switches:u               #    0,000 /sec                      
                 0      cpu-migrations:u                 #    0,000 /sec                      
            15.684      page-faults:u                    #   26,136 /sec                      
 2.305.814.703.051      cycles:u                         #    3,842 GHz                       
 4.724.520.662.253      instructions:u                   #    2,05  insn per cycle            
   753.234.207.176      branches:u                       #    1,255 G/sec                     
    16.055.154.910      branch-misses:u                  #    2,13% of all branches           

     600,102468722 seconds time elapsed

     599,355348000 seconds user
       0,113169000 seconds sys


