fasb v0.1.0
42930d520670354cfb84ded47e54142559c70e8cd6b36d6eb2b1a24433adc78f
' max#f
#?
4466
\ #f!0 | $$.@
% performing step started
bins/fasb: Terminated

 Performance counter stats for 'bins/fasb ./instances/jsd_pc-config/pc_config-all=8.lp 0 fsb-scripts/h1.fsb':

        600.049,26 msec task-clock:u                     #    1,000 CPUs utilized             
                 0      context-switches:u               #    0,000 /sec                      
                 0      cpu-migrations:u                 #    0,000 /sec                      
             9.845      page-faults:u                    #   16,407 /sec                      
 2.294.247.380.581      cycles:u                         #    3,823 GHz                       
 4.512.351.980.477      instructions:u                   #    1,97  insn per cycle            
   731.823.557.230      branches:u                       #    1,220 G/sec                     
    16.388.521.116      branch-misses:u                  #    2,24% of all branches           

     600,067148206 seconds time elapsed

     599,551738000 seconds user
       0,116512000 seconds sys


