fasb v0.1.0
42930d520670354cfb84ded47e54142559c70e8cd6b36d6eb2b1a24433adc78f
' max#f
#?
6644
\ #f!0 | $$.@
% performing step started
bins/fasb: Terminated

 Performance counter stats for 'bins/fasb ./instances/jsd_pc-config/pc_config-hdd=1.lp 0 fsb-scripts/h1.fsb':

        600.022,10 msec task-clock:u                     #    1,000 CPUs utilized             
                 0      context-switches:u               #    0,000 /sec                      
                 0      cpu-migrations:u                 #    0,000 /sec                      
            16.047      page-faults:u                    #   26,744 /sec                      
 2.307.550.739.446      cycles:u                         #    3,846 GHz                       
 4.716.856.582.561      instructions:u                   #    2,04  insn per cycle            
   751.466.601.084      branches:u                       #    1,252 G/sec                     
    16.282.851.145      branch-misses:u                  #    2,17% of all branches           

     600,040478063 seconds time elapsed

     599,568631000 seconds user
       0,069917000 seconds sys


