fasb v0.1.0
42930d520670354cfb84ded47e54142559c70e8cd6b36d6eb2b1a24433adc78f
' max#f
#?
3818
\ #f!0 | $$.@
% performing step started
bins/fasb: Terminated

 Performance counter stats for 'bins/fasb ./instances/jsd_pc-config/pc_config-gpus=5.lp 0 fsb-scripts/h1.fsb':

        600.087,17 msec task-clock:u                     #    1,000 CPUs utilized             
                 0      context-switches:u               #    0,000 /sec                      
                 0      cpu-migrations:u                 #    0,000 /sec                      
             8.442      page-faults:u                    #   14,068 /sec                      
 2.324.036.609.651      cycles:u                         #    3,873 GHz                       
 4.687.524.335.368      instructions:u                   #    2,02  insn per cycle            
   759.237.564.073      branches:u                       #    1,265 G/sec                     
    17.503.296.272      branch-misses:u                  #    2,31% of all branches           

     600,101547006 seconds time elapsed

     599,367304000 seconds user
       0,129870000 seconds sys


