fasb v0.1.0
42930d520670354cfb84ded47e54142559c70e8cd6b36d6eb2b1a24433adc78f
' max#f
#?
340
\ #f!0 | $$.@
% performing step started
0.4471 188 cn(110,2)
% performing step elapsed: 1.8699057s
cn(110,2) 
% performing step started
0.3191 128 in(434)
% performing step elapsed: 804.486544ms
cn(110,2) in(434) 
% performing step started
0.3594 82 in(250)
% performing step elapsed: 457.835544ms
cn(110,2) in(434) in(250) 
% performing step started
0.2683 60 in(9)
% performing step elapsed: 197.785355ms
cn(110,2) in(434) in(250) in(9) 
% performing step started
0.1333 52 in(471)
% performing step elapsed: 122.430981ms
cn(110,2) in(434) in(250) in(9) in(471) 
% performing step started
0.0385 50 ~in(478)
% performing step elapsed: 98.765512ms
cn(110,2) in(434) in(250) in(9) in(471) ~in(478) 
% performing step started
0.0400 48 ~in(299)
% performing step elapsed: 92.502164ms
cn(110,2) in(434) in(250) in(9) in(471) ~in(478) ~in(299) 
% performing step started
0.0417 46 ~in(480)
% performing step elapsed: 86.262872ms
cn(110,2) in(434) in(250) in(9) in(471) ~in(478) ~in(299) ~in(480) 
% performing step started
0.0435 44 ~in(199)
% performing step elapsed: 80.635648ms
cn(110,2) in(434) in(250) in(9) in(471) ~in(478) ~in(299) ~in(480) ~in(199) 
% performing step started
0.0455 42 ~in(477)
% performing step elapsed: 74.184218ms
cn(110,2) in(434) in(250) in(9) in(471) ~in(478) ~in(299) ~in(480) ~in(199) ~in(477) 
% performing step started
0.0476 40 ~in(289)
% performing step elapsed: 68.502566ms
cn(110,2) in(434) in(250) in(9) in(471) ~in(478) ~in(299) ~in(480) ~in(199) ~in(477) ~in(289) 
% performing step started
0.0500 38 ~in(219)
% performing step elapsed: 63.539889ms
cn(110,2) in(434) in(250) in(9) in(471) ~in(478) ~in(299) ~in(480) ~in(199) ~in(477) ~in(289) ~in(219) 
% performing step started
0.0526 36 ~in(369)
% performing step elapsed: 58.692272ms
cn(110,2) in(434) in(250) in(9) in(471) ~in(478) ~in(299) ~in(480) ~in(199) ~in(477) ~in(289) ~in(219) ~in(369) 
% performing step started
0.0556 34 ~in(209)
% performing step elapsed: 53.730501ms
cn(110,2) in(434) in(250) in(9) in(471) ~in(478) ~in(299) ~in(480) ~in(199) ~in(477) ~in(289) ~in(219) ~in(369) ~in(209) 
% performing step started
0.0588 32 ~in(476)
% performing step elapsed: 50.036662ms
cn(110,2) in(434) in(250) in(9) in(471) ~in(478) ~in(299) ~in(480) ~in(199) ~in(477) ~in(289) ~in(219) ~in(369) ~in(209) ~in(476) 
% performing step started
0.0625 30 ~in(329)
% performing step elapsed: 44.557717ms
cn(110,2) in(434) in(250) in(9) in(471) ~in(478) ~in(299) ~in(480) ~in(199) ~in(477) ~in(289) ~in(219) ~in(369) ~in(209) ~in(476) ~in(329) 
% performing step started
0.0667 28 ~in(269)
% performing step elapsed: 41.101663ms
cn(110,2) in(434) in(250) in(9) in(471) ~in(478) ~in(299) ~in(480) ~in(199) ~in(477) ~in(289) ~in(219) ~in(369) ~in(209) ~in(476) ~in(329) ~in(269) 
% performing step started
0.0714 26 ~in(379)
% performing step elapsed: 36.207472ms
cn(110,2) in(434) in(250) in(9) in(471) ~in(478) ~in(299) ~in(480) ~in(199) ~in(477) ~in(289) ~in(219) ~in(369) ~in(209) ~in(476) ~in(329) ~in(269) ~in(379) 
% performing step started
0.0769 24 ~in(409)
% performing step elapsed: 32.712773ms
cn(110,2) in(434) in(250) in(9) in(471) ~in(478) ~in(299) ~in(480) ~in(199) ~in(477) ~in(289) ~in(219) ~in(369) ~in(209) ~in(476) ~in(329) ~in(269) ~in(379) ~in(409) 
% performing step started
0.0833 22 ~in(389)
% performing step elapsed: 28.762685ms
cn(110,2) in(434) in(250) in(9) in(471) ~in(478) ~in(299) ~in(480) ~in(199) ~in(477) ~in(289) ~in(219) ~in(369) ~in(209) ~in(476) ~in(329) ~in(269) ~in(379) ~in(409) ~in(389) 
% performing step started
0.0909 20 ~in(479)
% performing step elapsed: 26.239694ms
cn(110,2) in(434) in(250) in(9) in(471) ~in(478) ~in(299) ~in(480) ~in(199) ~in(477) ~in(289) ~in(219) ~in(369) ~in(209) ~in(476) ~in(329) ~in(269) ~in(379) ~in(409) ~in(389) ~in(479) 
% performing step started
0.1000 18 ~in(399)
% performing step elapsed: 22.572651ms
cn(110,2) in(434) in(250) in(9) in(471) ~in(478) ~in(299) ~in(480) ~in(199) ~in(477) ~in(289) ~in(219) ~in(369) ~in(209) ~in(476) ~in(329) ~in(269) ~in(379) ~in(409) ~in(389) ~in(479) ~in(399) 
% performing step started
0.1111 16 ~in(239)
% performing step elapsed: 19.600903ms
cn(110,2) in(434) in(250) in(9) in(471) ~in(478) ~in(299) ~in(480) ~in(199) ~in(477) ~in(289) ~in(219) ~in(369) ~in(209) ~in(476) ~in(329) ~in(269) ~in(379) ~in(409) ~in(389) ~in(479) ~in(399) ~in(239) 
% performing step started
0.1250 14 ~in(319)
% performing step elapsed: 16.724212ms
cn(110,2) in(434) in(250) in(9) in(471) ~in(478) ~in(299) ~in(480) ~in(199) ~in(477) ~in(289) ~in(219) ~in(369) ~in(209) ~in(476) ~in(329) ~in(269) ~in(379) ~in(409) ~in(389) ~in(479) ~in(399) ~in(239) ~in(319) 
% performing step started
0.1429 12 ~in(309)
% performing step elapsed: 14.106726ms
cn(110,2) in(434) in(250) in(9) in(471) ~in(478) ~in(299) ~in(480) ~in(199) ~in(477) ~in(289) ~in(219) ~in(369) ~in(209) ~in(476) ~in(329) ~in(269) ~in(379) ~in(409) ~in(389) ~in(479) ~in(399) ~in(239) ~in(319) ~in(309) 
% performing step started
0.1667 10 ~in(279)
% performing step elapsed: 11.722254ms
cn(110,2) in(434) in(250) in(9) in(471) ~in(478) ~in(299) ~in(480) ~in(199) ~in(477) ~in(289) ~in(219) ~in(369) ~in(209) ~in(476) ~in(329) ~in(269) ~in(379) ~in(409) ~in(389) ~in(479) ~in(399) ~in(239) ~in(319) ~in(309) ~in(279) 
% performing step started
0.2000 8 ~in(359)
% performing step elapsed: 9.411443ms
cn(110,2) in(434) in(250) in(9) in(471) ~in(478) ~in(299) ~in(480) ~in(199) ~in(477) ~in(289) ~in(219) ~in(369) ~in(209) ~in(476) ~in(329) ~in(269) ~in(379) ~in(409) ~in(389) ~in(479) ~in(399) ~in(239) ~in(319) ~in(309) ~in(279) ~in(359) 
% performing step started
0.2500 6 ~in(349)
% performing step elapsed: 7.302221ms
cn(110,2) in(434) in(250) in(9) in(471) ~in(478) ~in(299) ~in(480) ~in(199) ~in(477) ~in(289) ~in(219) ~in(369) ~in(209) ~in(476) ~in(329) ~in(269) ~in(379) ~in(409) ~in(389) ~in(479) ~in(399) ~in(239) ~in(319) ~in(309) ~in(279) ~in(359) ~in(349) 
% performing step started
*1.0000 0 ~in(339)
% performing step elapsed: 2.160296ms
cn(110,2) in(434) in(250) in(9) in(471) ~in(478) ~in(299) ~in(480) ~in(199) ~in(477) ~in(289) ~in(219) ~in(369) ~in(209) ~in(476) ~in(329) ~in(269) ~in(379) ~in(409) ~in(389) ~in(479) ~in(399) ~in(239) ~in(319) ~in(309) ~in(279) ~in(359) ~in(349) ~in(339) ~in(339) 
:q

 Performance counter stats for 'bins/fasb ./instances/jsd_pc-config/pc_config-motherboards=1.lp 0 fsb-scripts/h1.fsb':

          4.551,52 msec task-clock:u                     #    1,000 CPUs utilized             
                 0      context-switches:u               #    0,000 /sec                      
                 0      cpu-migrations:u                 #    0,000 /sec                      
             1.603      page-faults:u                    #  352,190 /sec                      
    18.245.721.421      cycles:u                         #    4,009 GHz                       
    39.068.500.665      instructions:u                   #    2,14  insn per cycle            
     7.702.764.486      branches:u                       #    1,692 G/sec                     
        73.595.367      branch-misses:u                  #    0,96% of all branches           

       4,551900438 seconds time elapsed

       0,000000000 seconds user
       0,000000000 seconds sys


